D:\Kugou\Lyric\BoA - Only One-ea32541100f77ecd09f9f85927d8a40a-192566621-00000000.krc|7156|2024-10-21 08:24:45|FILE
D:\Kugou\稻香.mp3|8941319|2023-05-11 14:34:36|FILE
D:\Kugou\Lyric\钗头凤-f8c96401dc1d4bb9b04581fb9ee4af8a-49468781-00000019.krc|2875|2025-06-03 18:28:59|FILE
D:\Kugou\明天你好.mp3|4350246|2024-12-07 00:16:08|FILE
D:\Kugou\透明.mp3|3477630|2024-02-27 17:19:43|FILE
D:\Kugou\不为谁而作的歌.mp3|4254115|2023-05-11 15:37:32|FILE
D:\Kugou\黑色毛衣.mp3|4035940|2024-06-01 21:42:41|FILE
D:\Kugou\小孩.mp3|5143595|2025-02-14 13:45:09|FILE
D:\Kugou\Lyric\雨爱-bf458fab946463437d57c344abe09b16-192391075-00000000.krc|2861|2025-06-01 20:39:09|FILE
D:\Kugou\阳光宅男.mp3|3566641|2024-10-13 22:37:44|FILE
D:\Kugou\Lyric\俞更寅、高卿尘Nine、米卡、尹浩宇Patrick、张星特 - 你就不要想起我-034c73e210f0db1139293cbfe80ddc32-163400119-00000000.krc|4101|2024-10-21 08:24:45|FILE
D:\Kugou\不能说的秘密.mp3|4745635|2024-03-03 23:26:17|FILE
D:\Kugou\明明就.mp3|10322674|2023-05-19 17:23:45|FILE
D:\Kugou\Lyric\钗头凤.lrc|1922|2024-12-04 16:55:55|FILE
D:\Kugou\龙卷风.mp3|3983278|2023-11-02 21:17:47|FILE
D:\Kugou\小小.mp3|4210647|2024-02-27 17:35:41|FILE
D:\Kugou\Lyric\BREAKERZ - Miss Mystery-c57ee9b2605abca50227de4b0d7970a5-49680876-0000005B.krc|6295|2023-04-19 23:25:49|FILE
D:\Kugou\突然好想你.mp3|4254951|2023-10-03 21:55:55|FILE
D:\Kugou\Lyric\修炼爱情-bd1df0f50d269599069a95e414bf158d-54862456-00000000.krc|3274|2025-05-31 22:23:58|FILE
D:\Kugou\不该.mp3|4643235|2024-05-08 17:44:53|FILE
D:\Kugou\雨爱.mp3|4168851|2024-09-19 21:00:42|FILE
D:\Kugou\龙卷风-周杰伦.mp3|4007101|2024-05-22 12:26:07|FILE
D:\Kugou\明明很爱你.mp3|3949423|2024-04-10 22:33:54|FILE
D:\Kugou\小情歌.mp3|4378249|2024-09-22 13:58:45|FILE
D:\Kugou\Lyric\银临 - 棠梨煎雪-5311d18268b937f8a3cc3d20c4a7bfd1-83832918-00000000.krc|2797|2025-06-05 21:14:43|FILE
D:\Kugou\笑着说晚安.mp3|3855875|2024-02-27 17:29:50|FILE
D:\Kugou\Lyric\修炼爱情.lrc|2248|2024-04-04 22:19:42|FILE
D:\Kugou\世界未末日.mp3|4180972|2024-12-02 23:42:07|FILE
D:\Kugou\迷人的危险.mp3|3297407|2023-03-22 20:31:06|FILE
D:\Kugou\Lyric\BY2 - 我知道-82f92ed86dcfdd86fdad902e4c117d42-194023620-00000000.krc|3095|2024-10-31 09:04:45|FILE
D:\Kugou\错过的烟火.mp3|4126715|2024-12-22 13:00:54|FILE
D:\Kugou\黑色幽默.mp3|4531222|2024-04-18 16:21:43|FILE
D:\Kugou\第一个想见的人.mp3|4237397|2024-02-27 17:31:16|FILE
D:\Kugou\屋顶.mp3|5105916|2024-06-24 10:28:57|FILE
D:\Kugou\Lyric\错过的烟火-f850c917f6f1a1721aeecc31761e23e7-191998724-00000000.krc|3310|2025-06-05 18:53:17|FILE
D:\Kugou\千百度-许嵩.mp3|9029090|2025-05-26 23:35:34|FILE
D:\Kugou\Lyric\孙燕姿 - 遇见-fe4a30c1ad1152bf4842f465419281c0-52309767-0000003F.krc|2131|2024-02-24 16:53:25|FILE
D:\Kugou\星晴.mp3|4151715|2024-05-25 23:29:39|FILE
D:\Kugou\Lyric\倉木麻衣 - Time after time~花舞う街で~ (Time after time~在落花纷飞的街道上~)-68edb20ce7e42c2b055999a47723efe4-116695476-00000000.krc|5500|2023-08-02 14:24:28|FILE
D:\Kugou\追光者.mp3|3775134|2024-12-07 00:26:56|FILE
D:\Kugou\钗头凤.mp3|4768623|2024-05-02 17:03:15|FILE
D:\Kugou\Lyric\未闻花名-02a00cb5f4e6d7bd6569856acf36fd97-50157503-00000013.krc|7959|2025-05-27 17:57:15|FILE
D:\Kugou\等你下课.mp3|4321082|2024-03-30 08:39:42|FILE
D:\Kugou\黄色枫叶.mp3|4087767|2024-03-03 23:36:59|FILE
D:\Kugou\世界末日.mp3|4247428|2024-04-18 16:22:15|FILE
D:\Kugou\Lyric\锤娜丽莎 - 我太笨-a5d4f40382c0df1a95a48a617793f03e-191996991-00000000.krc|3196|2024-10-20 21:20:38|FILE
D:\Kugou\Lyric\Carly Rae Jepsen - Call Me Maybe-0059eca032c9b325f9d1f04966e5f330-125018112-00000000.krc|5091|2023-04-23 13:24:03|FILE
D:\Kugou\山楂树之恋.mp3|4749188|2023-04-21 22:35:43|FILE
D:\Kugou\Lyric\群青-14ca89af03747467cfc5bef8a94db5db-175829201-00000000.krc|9063|2024-07-22 21:00:22|FILE
D:\Kugou\Lyric\倒带-5bb93d135d918ab5e7dbe8085ef57d6e-166574741-00000000.krc|3026|2025-01-10 14:25:09|FILE
D:\Kugou\半城烟沙-许嵩.mp3|11704029|2025-05-26 23:33:43|FILE
D:\Kugou\晴天.mp3|6475777|2023-06-05 20:41:34|FILE
D:\Kugou\这一生关于你的风景.mp3|4213908|2024-02-27 17:34:49|FILE
D:\Kugou\KGMusic\11.1.31.26839\curl-ca-bundle.crt|264697|2024-10-09 18:14:21|FILE
D:\Kugou\KGMusic\11.1.31.26839\api-ms-win-core-profile-l1-1-0.dll|17728|2017-03-30 00:48:06|FILE
D:\Kugou\简单爱.mp3|4336871|2024-03-30 08:32:19|FILE
D:\Kugou\东风破.mp3|5047820|2024-12-03 00:13:46|FILE
D:\Kugou\Lyric\李荣浩 - 年少有为-4e3857b9cfe3f800a6cb8caf92757a1e-110731809-00000000.krc|3557|2023-07-17 16:57:45|FILE
D:\Kugou\Lyric\锦零 - 恋爱画板-6225a00e8a16ad5327ea237b1ab3cf28-113668854-00000000.krc|3280|2023-05-20 16:39:44|FILE
D:\Kugou\年少有为.mp3|4467779|2024-12-07 00:19:46|FILE
D:\Kugou\半岛铁盒.mp3|5111767|2024-03-06 11:25:11|FILE
D:\Kugou\Lyric\Carly Rae Jepsen - Call Me Maybe-0059eca032c9b325f9d1f04966e5f330-126393682-00000000.krc|5024|2023-05-30 17:42:38|FILE
D:\Kugou\暗号.mp3|4349410|2024-02-27 16:51:00|FILE
D:\Kugou\退后.mp3|4184734|2024-04-10 21:14:36|FILE
D:\Kugou\Lyric\倒带-5bb93d135d918ab5e7dbe8085ef57d6e-166574741-FFFFFFF2.krc|3031|2025-06-01 00:34:33|FILE
D:\Kugou\算什么男人.mp3|4632445|2024-12-02 23:55:56|FILE
D:\Kugou\KGMusic\11.1.31.26839\d3dcompiler_47.dll|3663496|2024-10-09 18:41:05|FILE
D:\Kugou\还在流浪.mp3|4254190|2024-12-22 16:20:35|FILE
D:\Kugou\交换余生.mp3|6633766|2023-02-26 17:09:05|FILE
D:\Kugou\Lyric\孙燕姿 - 遇见-fff2738ea82b5f534b0e1ca21fcf2113-155363159-0000003F.krc|1928|2023-12-05 22:40:42|FILE
D:\Kugou\庐州月-许嵩.mp3|10223408|2025-05-26 23:40:52|FILE
D:\Kugou\Lyric\群青-14ca89af03747467cfc5bef8a94db5db-206351173-00000000.krc|7421|2024-11-13 22:49:25|FILE
D:\Kugou\Lyric\锦零 - 豆花之歌-1ca1ec705f2e0e3a621d24369a2b39e0-208377070-00000000.krc|3107|2024-10-20 21:20:39|FILE
D:\Kugou\KGMusic\11.1.31.26839\api-ms-win-core-rtlsupport-l1-1-0.dll|17728|2017-03-30 00:48:28|FILE
D:\Kugou\Lyric\Carly Rae Jepsen - Call Me Maybe-0059eca032c9b325f9d1f04966e5f330-41127116-00000000.krc|4963|2023-04-05 21:45:49|FILE
D:\Kugou\半边山半边海.mp3|4257116|2024-02-27 17:37:28|FILE
D:\Kugou\曾经你说.mp3|6117168|2023-05-05 10:44:58|FILE
D:\Kugou\Lyric\李荣浩 - 年少有为-52b0d30d00af7ab8ad5f33c9ce3e545b-147904212-00000000.krc|4469|2023-08-02 19:17:15|FILE
D:\Kugou\Lyric\倒带-蔡依林-b6aa769adbbf2910612aa624d20e04a3-26070087-0000000D.krc|2744|2025-05-31 10:19:19|FILE
D:\Kugou\KGMusic\11.1.31.26839\dataimporter.dll|650872|2024-10-09 18:36:42|FILE
D:\Kugou\粉色海洋.mp3|2990282|2024-04-20 11:17:17|FILE
D:\Kugou\开不了口.mp3|4560897|2024-06-24 12:26:29|FILE
D:\Kugou\你不是一个人.mp3|4230957|2024-02-27 16:51:40|FILE
D:\Kugou\遇见生命里的特别.mp3|4741038|2024-02-27 17:31:50|FILE
D:\Kugou\那些你很冒险的梦.mp3|5893351|2023-05-11 15:39:05|FILE
D:\Kugou\最伟大的作品.mp3|3906034|2024-12-02 23:35:18|FILE
D:\Kugou\KGMusic\11.1.31.26839\dataimporter.exe|31360|2024-10-09 18:36:29|FILE
D:\Kugou\Lyric\倒带-蔡依林.lrc|1846|2024-12-04 16:52:02|FILE
D:\Kugou\素颜-许嵩_何曼婷-857052.mp3|5732062|2023-11-12 16:36:57|FILE
D:\Kugou\KGMusic\11.1.31.26839\locales\zh-CN.pak|260769|2024-10-09 18:41:23|FILE
D:\Kugou\开始懂了.mp3|4345303|2024-12-15 17:08:00|FILE
D:\Kugou\你听得到.mp3|3689103|2024-05-29 11:43:09|FILE
D:\Kugou\Lyric\孙燕姿 - 遇见-fff2738ea82b5f534b0e1ca21fcf2113-170975004-00000000.krc|2038|2024-07-22 22:15:02|FILE
D:\Kugou\最后一次亲吻你.mp3|11204563|2023-04-13 22:11:43|FILE
D:\Kugou\Lyric\群青-14ca89af03747467cfc5bef8a94db5db-255684796-00000000.krc|9024|2025-01-10 20:25:18|FILE
D:\Kugou\Lyric\倒带.lrc|2118|2024-04-21 18:57:23|FILE
D:\Kugou\KGMusic\11.1.31.26839\api-ms-win-core-string-l1-1-0.dll|18240|2017-03-30 00:48:50|FILE
D:\Kugou\KGMusic\11.1.31.26839\logging.dll|94328|2024-10-09 18:37:24|FILE
D:\Kugou\Lyric\闻人听書_ - 虞兮叹-8da925f04704696e1f355fe160940dc7-102806021-00000000.krc|2779|2023-03-16 15:23:25|FILE
D:\Kugou\彩虹.mp3|4221579|2024-04-18 16:30:44|FILE
D:\Kugou\Lyric\Carly Rae Jepsen - Call Me Maybe-0efbbef3e3557db77450b7b319d2a171-129076497-000000FE.krc|4534|2023-06-26 21:53:05|FILE
D:\Kugou\Lyric\蜗牛歌词-c9a55558304ad8ad581ac6469682b2d4-136959180-00000000.krc|1612|2025-05-30 14:22:51|FILE
D:\Kugou\反方向的钟.mp3|10326853|2023-09-11 22:28:13|FILE
D:\Kugou\KGMusic\11.1.31.26839\login.wav|88244|2024-10-09 18:14:21|FILE
D:\Kugou\Lyric\李荣浩 - 爸爸妈妈-6a338f9d3bcbeee2e6ec1b6f7efea17c-118250736-00000000.krc|3371|2023-05-03 08:15:11|FILE
D:\Kugou\你好吗.mp3|3557795|2024-08-16 17:48:04|FILE
D:\Kugou\Lyric\雨爱.lrc|1995|2024-12-04 16:55:30|FILE
D:\Kugou\KGMusic\11.1.31.26839\debug.log|32688|2025-06-07 21:33:54|FILE
D:\Kugou\发如雪.mp3|4789103|2024-10-15 22:50:54|FILE
D:\Kugou\KGMusic\11.1.31.26839\msdmo.dll|32384|2024-10-09 18:36:23|FILE
D:\Kugou\KGMusic\11.1.31.26839\api-ms-win-core-synch-l1-1-0.dll|20288|2017-03-30 00:49:04|FILE
D:\Kugou\Lyric\露西卡 - 小星星 (儿歌)-d27e9c7fafd50cd8080d2fc2e56ade09-114700335-00000000.krc|1057|2023-05-10 23:24:44|FILE
D:\Kugou\Lyric\群青-14ca89af03747467cfc5bef8a94db5db-271622014-00000000.krc|9053|2025-05-28 16:17:52|FILE
D:\Kugou\Lyric\闻人听書_ - 虞兮叹-8da925f04704696e1f355fe160940dc7-124367420-00000000.krc|4545|2023-04-03 21:49:29|FILE
D:\Kugou\Lyric\孙盛希 - 少一点天份-3ecae7506472fc5fa41e4a16ff714f61-150932225-00000000.krc|3478|2024-10-21 08:24:46|FILE
D:\Kugou\最长的电影.mp3|3774787|2024-03-03 23:21:34|FILE
D:\Kugou\Lyric\Carly Rae Jepsen - Call Me Maybe-0efbbef3e3557db77450b7b319d2a171-136844664-0000012E.krc|4985|2023-08-14 09:51:59|FILE
D:\Kugou\Lyric\倒数-65945c4d6fb03d7997ae133c9be5715d-132798502-00000000.krc|4029|2025-06-01 00:51:24|FILE
D:\Kugou\红色高跟鞋.mp3|3306602|2023-06-19 21:36:48|FILE
D:\Kugou\Lyric\李荣浩 - 爸爸妈妈-6a338f9d3bcbeee2e6ec1b6f7efea17c-129746343-00000000.krc|3398|2023-05-07 11:19:06|FILE
D:\Kugou\KGMusic\11.1.31.26839\deferred.dll|1169016|2024-10-09 18:36:49|FILE
D:\Kugou\Lyric\孤矢、虞娱 - 月亮之矢-aa4c0ac8a158327342b5bf1343f51626-56611719-00000000.krc|6610|2023-02-25 12:16:42|FILE
D:\Kugou\KGMusic\11.1.31.26839\msvcp140.dll|449616|2024-06-14 15:24:13|FILE
D:\Kugou\句号.mp3|3771449|2024-02-27 17:05:27|FILE
D:\Kugou\Lyric\群青.lrc|3188|2024-04-04 22:05:48|FILE
D:\Kugou\绅士.mp3|4657028|2024-12-07 00:02:51|FILE
D:\Kugou\KGMusic\11.1.31.26839\api-ms-win-core-synch-l1-2-0.dll|18744|2017-03-30 00:49:20|FILE
D:\Kugou\Lyric\Connie Talbot - Count On Me-6615591e166b37b4738fdd3fa7bec1b2-163106540-00000000.krc|3820|2024-10-20 21:20:37|FILE
D:\Kugou\你怎么连话都说不清楚.mp3|3414110|2024-08-28 16:23:59|FILE
D:\Kugou\有何不可.mp3|3870429|2023-11-12 16:32:15|FILE
D:\Kugou\心雨.mp3|4280029|2024-06-27 13:01:06|FILE
D:\Kugou\Lyric\借口-313e07e41fb0756c68017df2f266fb8e-139729248-00000000.krc|3172|2025-06-03 16:57:56|FILE
D:\Kugou\Lyric\背对背拥抱-9eb237f13eeb8733bb9b8df6a651be57-137009991-00000001.krc|2404|2025-06-01 20:12:40|FILE
D:\Kugou\Lyric\李荣浩 - 爸爸妈妈-6a338f9d3bcbeee2e6ec1b6f7efea17c-130260927-00000000.krc|3369|2023-05-27 22:35:30|FILE
D:\Kugou\Lyric\CR3. - 笑柄-56306805730ce1482f6119e11113f1f0-116131933-00000000.krc|2434|2023-02-25 12:16:42|FILE
D:\Kugou\给我一首歌的时间.mp3|4058092|2024-06-27 12:59:53|FILE
D:\Kugou\Lyric\街道办GDC、欧阳耀莹 - 春娇与志明-e84947402a5e0952fa067566c10264cb-205274454-00000000.krc|7536|2024-10-20 21:20:38|FILE
D:\Kugou\未闻花名.mp3|5641521|2024-08-18 00:06:24|FILE
D:\Kugou\你总要学会往前走.mp3|2997730|2024-06-17 08:29:49|FILE
D:\Kugou\Lyric\借口.lrc|1937|2024-04-06 20:07:38|FILE
D:\Kugou\KGMusic\11.1.31.26839\api-ms-win-core-sysinfo-l1-1-0.dll|19264|2017-03-30 00:49:38|FILE
D:\Kugou\KGMusic\11.1.31.26839\msvcp140_1.dll|33872|2024-06-14 15:24:13|FILE
D:\Kugou\可爱女人.mp3|3825707|2024-08-16 17:35:04|FILE
D:\Kugou\Lyric\CR3. - 笑柄-6f900b7c3b39b728ea036239ecc0eae8-116131933-00000000.krc|2434|2023-06-03 09:19:08|FILE
D:\Kugou\美人鱼.mp3|3513147|2024-12-02 23:52:21|FILE
D:\Kugou\枫.mp3|4411686|2024-04-18 16:28:48|FILE
D:\Kugou\KGMusic\11.1.31.26839\DisneyConcertHall.flt|529200|2024-10-09 18:41:26|FILE
D:\Kugou\Lyric\闻人听書_ - 虞兮叹-8da925f04704696e1f355fe160940dc7-124777255-00000000.krc|3027|2023-04-05 21:49:20|FILE
D:\Kugou\KGMusic\11.1.31.26839\api-ms-win-core-timezone-l1-1-0.dll|18240|2017-03-30 00:50:02|FILE
D:\Kugou\忽而今夏.mp3|4172613|2024-03-21 15:42:58|FILE
D:\Kugou\KGMusic\11.1.31.26839\msvcp140_2.dll|250992|2024-06-14 15:24:13|FILE
D:\Kugou\群青.mp3|3976243|2023-06-09 20:51:51|FILE
D:\Kugou\KGMusic\11.1.31.26839\api-ms-win-core-util-l1-1-0.dll|18240|2017-03-30 00:50:30|FILE
D:\Kugou\Lyric\像我这样的人-dc6568a35776003750cc656e4d350bb7-146606503-00000000.krc|2756|2024-05-11 20:58:03|FILE
D:\Kugou\KGMusic\11.1.31.26839\dsp.dll|3757696|2024-10-09 18:36:53|FILE
D:\Kugou\Lyric\高橋優 - ヤキモチ (吃醋)-fe4fd0787e6454e70bcf9ed25b8af033-43670168-00000000.krc|5821|2023-06-26 22:39:43|FILE
D:\Kugou\泡沫.mp3|4143025|2024-10-12 14:48:09|FILE
D:\Kugou\你比从前快乐.mp3|3063349|2024-12-02 23:50:54|FILE
D:\Kugou\Lyric\闻人听書_ - 虞兮叹-8da925f04704696e1f355fe160940dc7-125036061-00000000.krc|2779|2023-05-27 22:35:29|FILE
D:\Kugou\Lyric\dance flow - 迷人的危险-0f666ef632db9404308219be5aae43b4-136865271-00000000.krc|3255|2024-10-20 21:20:38|FILE
D:\Kugou\Lyric\安苏羽 - 左肩-9080a617f67459c83b198bed31e308c8-143024502-00000000.krc|2643|2024-10-20 21:20:38|FILE
D:\Kugou\惊鸿一面-许嵩.黄龄.mp3|10260057|2025-05-26 23:33:25|FILE
D:\Kugou\后会无期.mp3|3569595|2024-10-12 14:49:58|FILE
D:\Kugou\KGMusic\11.1.31.26839\msvcp140_atomic_wait.dll|47184|2024-06-14 15:24:13|FILE
D:\Kugou\KGMusic\11.1.31.26839\api-ms-win-crt-conio-l1-1-0.dll|19264|2017-03-30 00:50:40|FILE
D:\Kugou\聊表心意.mp3|5080002|2024-02-27 17:28:43|FILE
D:\Kugou\Lyric\背对背拥抱-9eb237f13eeb8733bb9b8df6a651be57-165791372-00000000.krc|2490|2024-05-30 21:36:35|FILE
D:\Kugou\KGMusic\11.1.31.26839\editor_template.suitskin|231399|2024-10-09 18:14:21|FILE
D:\Kugou\Lyric\像我这样的人-dc6568a35776003750cc656e4d350bb7-35493215-00000000.krc|2404|2025-05-28 09:33:16|FILE
D:\Kugou\消愁.mp3|4305942|2023-04-06 23:47:37|FILE
D:\Kugou\你若成风.mp3|2779973|2024-04-16 21:13:20|FILE
D:\Kugou\意外.mp3|4600185|2024-03-03 23:32:02|FILE
D:\Kugou\KGMusic\11.1.31.26839\api-ms-win-crt-convert-l1-1-0.dll|22336|2017-03-30 00:51:04|FILE
D:\Kugou\KGMusic\11.1.31.26839\gltransition.skn|3046|2024-10-09 18:30:10|FILE
D:\Kugou\背对背拥抱.mp3|3759251|2023-05-11 14:35:10|FILE
D:\Kugou\KGMusic\11.1.31.26839\msvcp140_codecvt_ids.dll|30832|2024-06-14 15:24:13|FILE
D:\Kugou\Lyric\杨丞琳 - 雨爱-e995644c27d930db0774d225d638f892-85377378-0000005D.krc|3322|2024-06-01 22:05:44|FILE
D:\Kugou\你落泪我情绪零碎.mp3|4131653|2024-03-03 23:24:51|FILE
D:\Kugou\感谢你曾来过.mp3|4001250|2024-10-21 23:36:40|FILE
D:\Kugou\Lyric\像我这样的人.lrc|1735|2024-04-04 22:19:32|FILE
D:\Kugou\Lyric\dance flow - 迷人的危险-0f666ef632db9404308219be5aae43b4-95050531-00000000.krc|2934|2025-06-03 19:38:13|FILE
D:\Kugou\KGMusic\11.1.31.26839\api-ms-win-crt-environment-l1-1-0.dll|18752|2017-03-30 00:51:24|FILE
D:\Kugou\KGMusic\11.1.31.26839\icudtl.dat|10412752|2024-10-09 18:41:23|FILE
D:\Kugou\淘汰.mp3|1799441|2024-12-02 23:47:29|FILE
D:\Kugou\后来的我们.mp3|13854126|2023-06-05 20:40:59|FILE
D:\Kugou\Lyric\背对背拥抱-9eb237f13eeb8733bb9b8df6a651be57-52522407-00000001.krc|2591|2023-10-09 21:20:15|FILE
D:\Kugou\KGMusic\11.1.31.26839\netcore.dll|1590920|2024-10-09 18:41:27|FILE
D:\Kugou\花海.mp3|4234954|2024-04-18 16:31:41|FILE
D:\Kugou\Lyric\阳光宅男-1c1342d0e5892dcb2bd7c1066819ed35-139778742-00000000.krc|3425|2025-06-01 00:25:13|FILE
D:\Kugou\Lyric\杨胖雨、董唧唧 - 心意已决-a455a6a859f7e0b713a2b783aded4170-212151215-00000000.krc|4967|2024-10-21 08:24:45|FILE
D:\Kugou\落空.mp3|3734261|2025-02-05 19:27:28|FILE
D:\Kugou\Lyric\安静-ee006129629dad989ffd1ec2cd04a6f2-49239396-00000000.krc|3861|2024-11-07 19:00:18|FILE
D:\Kugou\听妈妈的话.mp3|4250429|2024-12-02 23:45:24|FILE
D:\Kugou\我不再拒绝吹来的风.mp3|4094128|2024-03-17 22:53:01|FILE
D:\Kugou\清明雨上-许嵩.mp3|8797123|2025-05-26 23:34:15|FILE
D:\Kugou\Lyric\Dear Jane - 到底发生过什么事-f272bee8fd5f1586329b7dc15aca3d8e-128349877-00000000.krc|5216|2023-06-03 09:28:48|FILE
D:\Kugou\你还要我怎样.mp3|4976349|2024-03-03 23:38:05|FILE
D:\Kugou\KGMusic\11.1.31.26839\api-ms-win-crt-filesystem-l1-1-0.dll|20288|2017-03-30 00:51:38|FILE
D:\Kugou\Lyric\林俊杰 - 不为谁而作的歌-d1194688aceec6c4b048ec0c4e85ec5d-96368481-00000000.krc|2716|2024-10-31 21:09:45|FILE
D:\Kugou\我不配.mp3|4621568|2024-04-18 16:31:08|FILE
D:\Kugou\Lyric\官恩娜 - 暗恋航空-eca56f67a5564a2c2baabc5a2da36df1-213391209-00000000.krc|4769|2024-10-21 08:24:46|FILE
D:\Kugou\Lyric\Dua Lipa、DaBaby - Levitating-cd44770a71cb6405ce2507a21f64cbea-125898655-00000000.krc|7717|2023-06-03 09:28:49|FILE
D:\Kugou\蒲公英的约定.mp3|3926435|2023-06-26 10:13:15|FILE
D:\Kugou\演员.mp3|4180972|2024-03-03 23:32:32|FILE
D:\Kugou\KGMusic\11.1.31.26839\api-ms-win-crt-heap-l1-1-0.dll|19264|2017-03-30 00:51:58|FILE
D:\Kugou\我乐意-许嵩.mp3|9699914|2025-05-26 23:39:03|FILE
D:\Kugou\KGMusic\11.1.31.26839\infra.dll|9584248|2024-10-09 18:41:58|FILE
D:\Kugou\Lyric\宴宁、鹿喑kana、XY大甘蔗、杜冥鸦 - 璃云月海-c5c3f3b96da6c2736170c6e02e56c571-122187817-00000000.krc|2636|2023-08-24 15:06:39|FILE
D:\Kugou\Lyric\Ed Sheeran - Shivers-9f6a32bb7150640a49dca688d0f256f4-227874292-00000000.krc|5931|2024-10-21 08:24:46|FILE
D:\Kugou\Lyric\光年之外-aa47b03289c80586ff72146359914a0c-103051183-00000000.krc|3321|2025-06-07 21:50:47|FILE
D:\Kugou\听爸爸的话.mp3|4214904|2024-12-02 23:44:58|FILE
D:\Kugou\虫儿飞-风儿吹.mp3|8497237|2025-03-29 19:02:03|FILE
D:\Kugou\Lyric\对不起-c91e5313d4b500f465bca5c74778c468-14336409-00000000.krc|286|2025-06-03 19:08:10|FILE
D:\Kugou\Lyric\袁小葳 - 被神明写的歌-6de193a592728bf10a67e04ec8311680-124607445-00000000.krc|2389|2024-10-21 08:24:45|FILE
D:\Kugou\Lyric\Ellie Goulding - Lights-5ded5ce50e9d018c47405a1e78b6c1cb-168385844-0000003E.krc|3014|2023-11-13 16:20:09|FILE
D:\Kugou\KGMusic\11.1.31.26839\install.json|184|2024-10-31 21:01:11|FILE
D:\Kugou\我们的爱.mp3|4593498|2024-02-09 17:55:06|FILE
D:\Kugou\修炼爱情.mp3|6889557|2023-02-26 17:10:35|FILE
D:\Kugou\虹之间.mp3|3943656|2024-09-19 21:02:35|FILE
D:\Kugou\听见下雨的声音.mp3|4469863|2024-08-27 21:36:49|FILE
D:\Kugou\KGMusic\11.1.31.26839\api-ms-win-crt-locale-l1-1-0.dll|18752|2017-03-30 00:52:22|FILE
D:\Kugou\灰色头像.mp3|4640309|2024-10-11 17:38:40|FILE
D:\Kugou\Lyric\林俊杰 - 修炼爱情-8748c12719dca9f588b1118ac05f6bf8-72837479-00000000.krc|3043|2023-05-27 22:35:30|FILE
D:\Kugou\Lyric\解语花. - 天空之外-db98817b4a1295984d5a3ed90cb017cc-52191123-00000000.krc|4131|2023-02-25 12:16:42|FILE
D:\Kugou\KGMusic\11.1.31.26839\installer\AppData.7z|28755608|2024-10-09 18:43:56|FILE
D:\Kugou\Lyric\Ember Island、Matte - Umbrella (Matte Remix)-2bf3d1a3d48552f4ea34e412c95e81d6-178940676-00000000.krc|3820|2024-07-08 19:03:52|FILE
D:\Kugou\KGMusic\11.1.31.26839\api-ms-win-crt-math-l1-1-0.dll|28984|2017-03-30 00:52:48|FILE
D:\Kugou\我怀念的.mp3|4626166|2024-02-27 16:59:04|FILE
D:\Kugou\爱一点.mp3|4010863|2023-05-02 19:47:52|FILE
D:\Kugou\告白气球.mp3|3450877|2024-12-07 00:27:09|FILE
D:\Kugou\Lyric\F.I.R.飞儿乐团 - 我们的爱-74b0a84b2894468b588ee0092b590960-191997181-0000004C.krc|2587|2025-06-07 22:12:12|FILE
D:\Kugou\KGMusic\11.1.31.26839\installer\KuGou.7z|83817280|2024-10-09 18:43:54|FILE
D:\Kugou\KGMusic\11.1.31.26839\api-ms-win-crt-multibyte-l1-1-0.dll|26432|2017-03-30 00:52:58|FILE
D:\Kugou\爱你没差.mp3|4492841|2024-12-02 23:46:35|FILE
D:\Kugou\我想给你的.mp3|4329645|2024-02-27 17:28:17|FILE
D:\Kugou\Lyric\高瀬統也、野田愛実 - どうして-e35d3de5054d642b7ff71fdbbd0e55db-188451668-00000000.krc|5313|2024-10-21 08:24:45|FILE
D:\Kugou\喜帖街.mp3|3388522|2024-02-27 17:30:48|FILE
D:\Kugou\KGMusic\11.1.31.26839\KGDaemon.exe|264312|2024-10-09 18:36:39|FILE
D:\Kugou\Lyric\背对背拥抱.lrc|1840|2024-04-04 22:19:20|FILE
D:\Kugou\Lyric\阿桑 - 一直很安静-34bb9ba5372fb5347de9548e8bee22dd-171820440-00000000.krc|2147|2024-05-08 20:24:10|FILE
D:\Kugou\倒带-蔡依林.mp3|4231963|2024-05-22 12:01:04|FILE
D:\Kugou\KGMusic\11.1.31.26839\kglibcurl.dll|1459848|2024-10-09 18:41:27|FILE
D:\Kugou\KGMusic\11.1.31.26839\ostar.dll|617592|2024-10-09 18:37:30|FILE
D:\Kugou\嘉宾.mp3|5339137|2024-02-07 20:54:10|FILE
D:\Kugou\我是如此相信.mp3|4263389|2023-05-29 20:28:41|FILE
D:\Kugou\蜗牛.mp3|3465844|2024-12-03 00:04:16|FILE
D:\Kugou\Lyric\林俊杰 - 冻结-ae291096b510f20b93d7d87dcbef1e43-144545941-00000000.krc|3952|2024-10-30 18:20:12|FILE
D:\Kugou\KGMusic\11.1.31.26839\kgplayer.dll|4461704|2024-10-09 18:41:26|FILE
D:\Kugou\倒带.mp3|4424225|2024-04-18 16:36:39|FILE
D:\Kugou\爱在西元前.mp3|3749220|2024-05-05 22:11:13|FILE
D:\Kugou\我的名字.mp3|4025562|2024-11-15 14:48:24|FILE
D:\Kugou\回到过去.mp3|3736682|2024-04-18 16:22:44|FILE
D:\Kugou\蜗牛歌词.mp3|3823617|2024-12-05 18:26:04|FILE
D:\Kugou\Lyric\对不起.lrc|113|2024-05-17 22:38:24|FILE
D:\Kugou\KGMusic\11.1.31.26839\kgscrsaver.exe|1305216|2024-10-09 18:41:52|FILE
D:\Kugou\Lyric\林俊杰 - 当你-9cfa0635c2bc5f126ab9ecff5f6626c4-136841311-00000000.krc|3335|2024-10-20 21:20:38|FILE
D:\Kugou\KGMusic\11.1.31.26839\api-ms-win-crt-private-l1-1-0.dll|73024|2017-03-30 00:53:18|FILE
D:\Kugou\Lyric\魏语诺 - 侧脸-ba5b9d01c4a9171864ba6ab9c0bcb464-47047456-00000000.krc|3151|2023-06-03 09:28:49|FILE
D:\Kugou\Lyric\再见-db01b91eb3279e0f6b064706441087d2-124528385-00000000.krc|3139|2025-06-03 17:37:29|FILE
D:\Kugou\Lyric\陈力 - 枉凝眉-78b0e580858080d6a4ad31ed13c5f86d-193186464-00000000.krc|1091|2025-06-05 21:59:16|FILE
D:\Kugou\爱情废柴.mp3|4570928|2024-04-18 16:34:56|FILE
D:\Kugou\Lyric\F.I.R.飞儿乐团 - 我们的爱-df7f359fce9d76c3547bad19fa1f3444-33177209-0000000D.krc|2691|2023-05-30 17:53:00|FILE
D:\Kugou\倒数.mp3|3670727|2024-10-12 14:46:54|FILE
D:\Kugou\KGMusic\11.1.31.26839\peripheral.dll|146560|2024-10-09 18:36:32|FILE
D:\Kugou\认真的雪.mp3|4145864|2024-05-02 16:52:00|FILE
D:\Kugou\我的秘密.mp3|4003340|2024-10-12 14:49:37|FILE
D:\Kugou\Lyric\寿延Ashes - 原神 (尘世四章)-ca5e47a1b492e74edb3b8795844df2d7-167334246-00000000.krc|3857|2023-10-30 21:35:09|FILE
D:\Kugou\KGMusic\11.1.31.26839\kgupnp.exe|43640|2024-10-09 18:36:26|FILE
D:\Kugou\圆游会.mp3|4090342|2024-07-27 22:41:13|FILE
D:\Kugou\KGMusic\11.1.31.26839\api-ms-win-crt-process-l1-1-0.dll|19264|2017-03-30 00:53:42|FILE
D:\Kugou\Lyric\凌霄 - 兰亭序-ed8d8362bc4db2feb562fc0ca30900ab-118686255-00000000.krc|2985|2023-06-03 09:28:48|FILE
D:\Kugou\Lyric\G.E.M. 邓紫棋 - 你不是真正的快乐-22504c4a6f995af5200a07ba4a533500-108477134-00000000.krc|3976|2023-02-25 12:16:42|FILE
D:\Kugou\Lyric\陈力 - 聪明累-564c5a5367beaf94f9c7025f962cc3fd-158138765-00000000.krc|1748|2025-05-26 13:58:38|FILE
D:\Kugou\爱情悬崖.mp3|4196437|2024-06-27 13:02:57|FILE
D:\Kugou\借口.mp3|4165508|2024-03-30 08:30:07|FILE
D:\Kugou\Lyric\胡66 - 都怪我-8ebaadeedb461e16137dabd28cc3df85-188892127-00000000.krc|2032|2024-10-21 08:24:46|FILE
D:\Kugou\KGMusic\11.1.31.26839\QMDECRYPTION.dll|70792|2024-10-09 18:41:27|FILE
D:\Kugou\KGMusic\11.1.31.26839\kugou.dll|24032888|2025-01-27 20:13:59|FILE
D:\Kugou\Lyric\林俊杰 - 心墙-fe5f4a9e3b7e8065977741967f527aa8-109723668-00000000.krc|3022|2023-08-16 08:47:28|FILE
D:\Kugou\城府.mp3|3192917|2024-02-07 00:56:39|FILE
D:\Kugou\手写的从前.mp3|4760759|2024-04-18 16:33:33|FILE
D:\Kugou\Lyric\封茗囧菌 - 爱的魔法-cbbcb69bb2af4d69a2847134019ca27e-167846338-00000000.krc|3402|2024-10-20 21:20:39|FILE
D:\Kugou\认错.mp3|4414611|2024-12-04 23:24:43|FILE
D:\Kugou\KGMusic\11.1.31.26839\api-ms-win-crt-runtime-l1-1-0.dll|22848|2017-03-30 00:54:00|FILE
D:\Kugou\KGMusic\11.1.31.26839\snapshot_blob.bin|47939|2024-10-09 18:41:23|FILE
D:\Kugou\像我这样的人.mp3|6871376|2023-04-06 23:48:19|FILE
D:\Kugou\多余的解释-许嵩.mp3|11084404|2025-05-26 23:34:16|FILE
D:\Kugou\Lyric\林俊杰 - 爱笑的眼睛-a5df466236a6ea07958413f7ae513963-191997308-00000000.krc|2951|2024-10-20 21:20:38|FILE
D:\Kugou\KGMusic\11.1.31.26839\kugou.dll.11.1.31.26839.0.1.0|23991928|2024-10-09 18:42:08|FILE
D:\Kugou\说了再见.mp3|4524535|2024-04-18 16:32:21|FILE
D:\Kugou\光年之外.mp3|3769367|2024-12-07 00:20:48|FILE
D:\Kugou\Lyric\胡夏 - 那些年-4e4d73774a75b6a06471326afcf21173-122335000-00000000.krc|4333|2023-05-31 16:07:26|FILE
D:\Kugou\KGMusic\11.1.31.26839\svg.dll|6864512|2024-10-09 18:41:55|FILE
D:\Kugou\Lyric\小乐哥(王唯乐) - 慢慢-636be0a3769c4271973f9c4a253dc292-48552744-00000000.krc|3961|2023-02-25 12:16:42|FILE
D:\Kugou\Lyric\G.E.M. 邓紫棋 - 你把我灌醉-db9c8df0c07e95b9aa5dd001ad3310f6-167448897-00000000.krc|2670|2024-05-28 10:15:52|FILE
D:\Kugou\Lyric\陈力、王洁实 - 聪明累-f0e0b666ff8e188aaf06fc6db25e6f55-57944660-00000000.krc|1650|2024-12-26 23:03:49|FILE
D:\Kugou\把回忆拼好给你.mp3|5447807|2024-02-04 17:25:29|FILE
D:\Kugou\牵丝戏.mp3|3829804|2023-07-02 16:05:35|FILE
D:\Kugou\KGMusic\11.1.31.26839\swiftshader\libEGL.dll|359048|2024-10-09 18:41:23|FILE
D:\Kugou\Lyric\胡夏 - 那些年-4e4d73774a75b6a06471326afcf21173-144307033-00000000.krc|4453|2023-12-02 21:52:07|FILE
D:\Kugou\Lyric\刀郎 - 罗刹海市-9b76ebbb4738f41b52b4aa0af0de036e-158212922-00000000.krc|4156|2023-07-30 18:47:54|FILE
D:\Kugou\其实.mp3|9688421|2025-05-07 18:59:36|FILE
D:\Kugou\Lyric\胡夏 - 那些年-4e4d73774a75b6a06471326afcf21173-147811629-FFFFFF8A.krc|4578|2023-12-26 20:27:02|FILE
D:\Kugou\独角戏.mp3|4438017|2024-02-27 17:29:15|FILE
D:\Kugou\KGMusic\11.1.31.26839\kugou.dll.11.1.31.26839.0.2.0|23985784|2024-11-01 12:34:30|FILE
D:\Kugou\搁浅.mp3|3843261|2024-04-02 16:29:19|FILE
D:\Kugou\Lyric\胡夏 - 那些年-4e4d73774a75b6a06471326afcf21173-173984893-00000000.krc|4431|2024-03-17 18:08:20|FILE
D:\Kugou\KGMusic\11.1.31.26839\KuGou.exe|430720|2024-10-09 18:36:36|FILE
D:\Kugou\珊瑚海.mp3|4088603|2024-04-18 16:29:33|FILE
D:\Kugou\Lyric\许佳慧 - 平行线-b7d2d39f58507b14971ac4eb38217cfc-28187733-FFFFFFFE.krc|2260|2023-06-15 09:34:01|FILE
D:\Kugou\多远都要在一起.mp3|3484743|2024-02-27 17:18:01|FILE
D:\Kugou\KGMusic\11.1.31.26839\api-ms-win-crt-stdio-l1-1-0.dll|24384|2017-03-30 00:54:18|FILE
D:\Kugou\Lyric\许嵩 - 小烦恼没什么大不了 (抢听版)-5b2b80c5e30374c077f6a1e6d87a81f3-16069389-000001DD.krc|1456|2024-04-23 15:07:19|FILE
D:\Kugou\大田后生仔.mp3|2912801|2023-03-04 21:23:23|FILE
D:\Kugou\Lyric\黄小琥 - 没那么简单-6acd16ecca996019821727b09c789663-138132602-FFFFFF55.krc|3740|2024-02-25 22:14:10|FILE
D:\Kugou\Lyric\小咪 - 我走后-d0c7638b171d31327e82a87005fbf303-113991791-00000000.krc|3788|2023-08-22 18:59:23|FILE
D:\Kugou\瓦解.mp3|3475457|2024-07-30 17:52:30|FILE
D:\Kugou\KGMusic\11.1.31.26839\api-ms-win-crt-string-l1-1-0.dll|24384|2017-03-30 00:54:50|FILE
D:\Kugou\Lyric\胡夏 - 那些年-4e4d73774a75b6a06471326afcf21173-190251861-00000000.krc|4593|2024-06-02 14:31:24|FILE
D:\Kugou\Lyric\林俊杰 - 知足 (Live)-789ccb66f67d489708c7fd708a11daec-124477796-00000000.krc|3476|2023-11-02 21:25:43|FILE
D:\Kugou\KGMusic\11.1.31.26839\kugou.skn|18431880|2024-10-09 18:30:18|FILE
D:\Kugou\摆脱.mp3|3513139|2024-02-27 17:32:38|FILE
D:\Kugou\Lyric\黄小琥 - 没那么简单-cef9da3618038b718b5df0f69523543f-138132602-00000000.krc|3736|2024-07-22 22:15:12|FILE
D:\Kugou\Lyric\G.E.M. 邓紫棋 - 你把我灌醉-db9c8df0c07e95b9aa5dd001ad3310f6-53439139-00000000.krc|2390|2023-05-31 12:40:23|FILE
D:\Kugou\再见.mp3|3297906|2024-10-12 14:48:49|FILE
D:\Kugou\Lyric\刘大壮 - 我很好-17a33d1c6ca491e964adb67b75d25976-103471280-00000000.krc|3523|2023-05-31 12:34:37|FILE
D:\Kugou\说好不哭.mp3|3558752|2024-06-01 21:44:21|FILE
D:\Kugou\Lyric\陈奕迅 - 十年-5146461a5717b942f4b13125978618e3-138419257-00000000.krc|2659|2023-11-13 08:57:51|FILE
D:\Kugou\KGMusic\11.1.31.26839\KuGouMusic.ico|67136|2024-10-09 18:41:26|FILE
D:\Kugou\KGMusic\11.1.31.26839\swiftshader\libGLESv2.dll|2467976|2024-10-09 18:41:23|FILE
D:\Kugou\断了的弦.mp3|4761518|2024-08-16 17:34:28|FILE
D:\Kugou\KGMusic\11.1.31.26839\libamssdk.dll|1036928|2024-10-09 18:37:33|FILE
D:\Kugou\Lyric\刘惜君、薛之谦 - 聊表心意-e3a1e97a62fb42b92b388ac023bc0f36-42834066-00000000.krc|3928|2025-06-01 20:26:49|FILE
D:\Kugou\说好的幸福呢.mp3|6162935|2023-06-05 20:42:30|FILE
D:\Kugou\冻结.mp3|4626517|2023-10-21 14:49:58|FILE
D:\Kugou\Lyric\胡期皓 - 爱的蠢动-c62457df5e312ca4ff6f5740cd15ae4d-132582281-00000000.krc|3732|2023-06-03 09:28:49|FILE
D:\Kugou\说谎.mp3|6341612|2023-05-19 17:11:52|FILE
D:\Kugou\Lyric\林俊杰、G.E.M. 邓紫棋 - 手心的蔷薇-50e135662c412c1b09ea934e19486a43-188295664-00000000.krc|3759|2024-10-20 21:20:38|FILE
D:\Kugou\分裂.mp3|4075229|2024-07-28 22:44:41|FILE
D:\Kugou\KGMusic\11.1.31.26839\libcef.dll|124774024|2024-10-09 18:41:23|FILE
D:\Kugou\Lyric\刘瑞琦 - 房间-87a10d827e20cedc5241701a9b6b4dde-51501469-00000000.krc|3097|2023-02-25 12:16:42|FILE
D:\Kugou\Lyric\林俊杰、金莎 - 期待爱-9564af6f0b13490d300b820f472b6ad0-136723887-00000000.krc|2517|2024-10-20 21:20:38|FILE
D:\Kugou\KGMusic\11.1.31.26839\template.suitskin|1827|2024-10-09 18:30:18|FILE
D:\Kugou\越长大越孤单.mp3|4295075|2024-12-18 20:27:37|FILE
D:\Kugou\Lyric\刘至佳 - 说爱你-ec51ae88814a01d52be92ea6d3102892-121759120-00000000.krc|3957|2023-02-25 12:16:42|FILE
D:\Kugou\KGMusic\11.1.31.26839\ucrtbase.dll|1147712|2017-03-30 00:55:48|FILE
D:\Kugou\Lyric\陈奕迅 - 十年-7c3deecb11c37981a7aabc8bb24ceec0-151712247-00000055.krc|2322|2024-03-22 16:07:52|FILE
D:\Kugou\Lyric\小孩-d68db42178e734ac7108cc51441c5968-21008771-00000000.krc|3038|2025-05-28 09:20:56|FILE
D:\Kugou\甜甜的.mp3|3902611|2024-06-27 12:59:18|FILE
D:\Kugou\Lyric\林俊杰、金莎 - 期待爱-99e6af7f555fcde531c44ade69d44ae4-114058286-00000000.krc|2634|2023-02-25 12:16:42|FILE
D:\Kugou\Lyric\胡莎莎 - 飘荡-b71e1e631f968232cbd6b2786f4e6f6c-166256010-00000000.krc|1951|2024-06-01 12:32:18|FILE
D:\Kugou\KGMusic\11.1.31.26839\api-ms-win-crt-time-l1-1-0.dll|20800|2017-03-30 00:55:00|FILE
D:\Kugou\Lyric\陈奕迅 - 十年-7c3deecb11c37981a7aabc8bb24ceec0-191997360-00000055.krc|2320|2024-07-22 20:46:27|FILE
D:\Kugou\大笨钟.mp3|3886798|2024-11-17 18:16:16|FILE
D:\Kugou\Lyric\黄色枫叶-cf2edd62999b0418eeb4c58e5248d053-33443204-FFFFFFCF.krc|3163|2025-06-01 19:42:44|FILE
D:\Kugou\KGMusic\11.1.31.26839\ui.dll|2116216|2024-10-09 18:37:40|FILE
D:\Kugou\Lyric\林可昕 - 不是因为寂寞才想你-fecc914ab94a91f554c13c9bc9c98b29-27254112-00000000.krc|3316|2023-02-25 12:16:42|FILE
D:\Kugou\路上的猫尾草 你的心情.mp3|3438380|2025-02-19 21:22:28|FILE
D:\Kugou\天台的月光.mp3|2497096|2024-08-16 17:47:18|FILE
D:\Kugou\刚刚好.mp3|4008773|2024-03-03 23:36:05|FILE
D:\Kugou\Lyric\千古-许嵩-a9141c89bbcc7f5efeafebeda63b7b5f-16880033-00000000.krc|1985|2025-06-03 18:47:57|FILE
D:\Kugou\KGMusic\11.1.31.26839\libEGL.dll|343176|2024-10-09 18:41:23|FILE
D:\Kugou\KGMusic\11.1.31.26839\v8_context_snapshot.bin|164721|2024-10-09 18:41:23|FILE
D:\Kugou\Lyric\林宥嘉 - 自然醒-faafa76c8206685be34f0036d290b762-110958683-00000000.krc|2930|2024-06-01 12:18:36|FILE
D:\Kugou\Lyric\许嵩 - 幻听-24f5e7555646965cd7d1a924452b3300-104328207-00000000.krc|3061|2023-05-20 16:11:19|FILE
D:\Kugou\Lyric\胡莎莎 - 飘荡-b71e1e631f968232cbd6b2786f4e6f6c-43335972-00000000.krc|1637|2023-05-20 16:06:45|FILE
D:\Kugou\天外来物.mp3|4116607|2024-03-03 23:33:36|FILE
D:\Kugou\断桥残雪.mp3|3633531|2024-04-16 21:20:16|FILE
D:\Kugou\KGMusic\11.1.31.26839\vccorlib140.dll|286312|2024-06-14 15:24:13|FILE
D:\Kugou\Lyric\林小珂 - 爱,存在-7f47c53922479a74a877467b5ec9ddc5-94218671-00000000.krc|3188|2023-02-25 12:16:42|FILE
D:\Kugou\Lyric\G.E.M. 邓紫棋 - 再见-db01b91eb3279e0f6b064706441087d2-124528385-00000000.krc|3139|2024-10-30 15:27:15|FILE
D:\Kugou\她的睫毛.mp3|3727487|2024-07-24 15:32:48|FILE
D:\Kugou\KGMusic\11.1.31.26839\vcruntime140.dll|91112|2024-06-14 15:24:13|FILE
D:\Kugou\方圆几里.mp3|4218171|2024-05-02 16:59:39|FILE
D:\Kugou\轨迹.mp3|5230886|2024-03-30 08:54:44|FILE
D:\Kugou\到此为止.mp3|3535643|2024-10-02 11:47:55|FILE
D:\Kugou\Lyric\千屿 - 我们-508fc4bb1688bc79e5819470ef8b61a3-129363065-00000000.krc|3125|2023-06-03 09:28:49|FILE
D:\Kugou\Lyric\林小珂 - 辜负-d1cdd6ec54aa1a01288d83cf10c41cd1-53357835-00000000.krc|2958|2023-07-27 15:39:53|FILE
D:\Kugou\KGMusic\11.1.31.26839\libGLESv2.dll|5774472|2024-10-09 18:41:23|FILE
D:\Kugou\Lyric\许嵩 - 我乐意-2d7e89d67f5543f024dc2eb11c7fd35e-147848943-00000000.krc|4415|2024-10-20 21:20:38|FILE
D:\Kugou\画情泸灞.mp3|4024725|2024-02-27 17:27:45|FILE
D:\Kugou\KGMusic\11.1.31.26839\libquic.dll|3662472|2024-10-09 18:41:27|FILE
D:\Kugou\Lyric\艺涛、梁剑东 - 夜色-0c459aebe38b090bc85d5607e00bc497-203635305-00000000.krc|3266|2024-09-06 19:34:22|FILE
D:\Kugou\Lyric\小孩-罗森涛-b8ca0defdb1c5b19f12da5e01a7b723f-205006306-00000000.krc|2660|2025-03-27 22:06:54|FILE
D:\Kugou\Lyric\陈奕迅 - 十年-bde027574112ed20ac8994405ca8b4ad-113612522-FFFFFFFE.krc|2298|2023-11-28 17:31:08|FILE
D:\Kugou\Lyric\许嵩 - 我想牵着你的手-1d279d51ddaa8d86a8c1564fb613a834-33352381-FFFFFFBD.krc|3608|2023-03-16 15:57:44|FILE
D:\Kugou\Lyric\千百度-许嵩-01e69dbdfbfe7f7694eb7ad068cba23e-50552523-00000183.krc|1770|2025-05-31 22:11:54|FILE
D:\Kugou\白色风车.mp3|4362367|2024-07-26 20:28:32|FILE
D:\Kugou\KGMusic\11.1.31.26839\api-ms-win-crt-utility-l1-1-0.dll|18744|2017-03-30 00:55:26|FILE
D:\Kugou\Lyric\G.E.M. 邓紫棋 - 再见-db01b91eb3279e0f6b064706441087d2-68369942-00000000.krc|3078|2023-03-23 10:41:39|FILE
D:\Kugou\Lyric\艾索 - 嘘-82b47a4a4ffd8658f164d73dcbf4791a-151365851-00000000.krc|1690|2024-07-22 22:15:13|FILE
D:\Kugou\KGMusic\11.1.31.26839\vcruntime140_threads.dll|35952|2024-06-14 15:24:13|FILE
D:\Kugou\bibi.mp3|7779453|2023-06-04 23:18:27|FILE
D:\Kugou\刻晴.mp3|2439584|2023-07-07 10:47:19|FILE
D:\Kugou\时光机.mp3|4993067|2024-12-02 23:55:26|FILE
D:\Kugou\Lyric\majiko - 君に最後の口づけを (最后一次亲吻你)-e3cc232e8d6ca299b0699eebcf5bd1cc-121450034-00000000.krc|5917|2024-10-31 10:10:49|FILE
D:\Kugou\KGMusic\11.1.31.26839\video_decoder.dll|3690120|2024-10-09 18:41:26|FILE
D:\Kugou\加油.mp3|3643564|2025-02-25 22:47:53|FILE
D:\Kugou\Lyric\半只狐狸 - 黄昏 (女声DJ版)-09a1b5681c8b6a786e1d61b3a1c21d50-62299756-00000000.krc|3221|2023-04-22 20:48:43|FILE
D:\Kugou\Lyric\陈奕迅 - 富士山下-4c60b04ac9187375eabc9ed4b1c402c6-191216239-00000000.krc|5402|2024-06-01 21:49:50|FILE
D:\Kugou\KGMusic\11.1.31.26839\avif.dll|1198208|2024-10-09 18:37:36|FILE
D:\Kugou\好久不见.mp3|4040538|2024-12-04 12:49:17|FILE
D:\Kugou\Lyric\黄色枫叶.lrc|2198|2024-12-04 16:55:12|FILE
D:\Kugou\千古-许嵩.mp3|8850412|2025-05-26 23:35:28|FILE
D:\Kugou\KGMusic\11.1.31.26839\cef.pak|2035642|2024-10-09 18:41:05|FILE
D:\Kugou\Lyric\白水寒 - 天真的橡皮-0a1158bb34aede89f822e66ff4f40b2e-157360331-00000000.krc|4592|2023-07-30 18:48:51|FILE
D:\Kugou\blueming.mp3|3474290|2023-06-04 23:18:57|FILE
D:\Kugou\Lyric\许嵩 - 有何不可-069c70fe35c4ee9a40866979eae8062d-124301910-00000000.krc|4905|2023-04-05 15:45:14|FILE
D:\Kugou\知足.mp3|4108164|2023-09-08 21:03:46|FILE
D:\Kugou\Lyric\陈奕迅 - 富士山下-e5d146bf404b4f7f651e5177c0743ec2-169051413-00000000.krc|5244|2024-03-12 15:10:07|FILE
D:\Kugou\Lyric\黑色幽默-3a773ae343e3de58c560e02d93d81726-29442727-00000000.krc|2547|2025-06-05 21:23:43|FILE
D:\Kugou\Lyric\皮卡丘多多、原来是萝卜丫 - 依赖-45d6bd8fbd2cf3d798331d881bfe70ea-50502722-00000000.krc|3475|2023-06-03 09:28:49|FILE
D:\Kugou\buchongfeng.flac|63608384|2024-11-19 21:14:07|FILE
D:\Kugou\KGMusic\11.1.31.26839\cef_100_percent.pak|229584|2024-10-09 18:41:05|FILE
D:\Kugou\Lyric\HANNIE、HICARI、Isaiah Dreads、Embody - Drama-63992f4bf9095033e047476ba9934308-192003435-00000000.krc|6514|2024-10-21 08:24:45|FILE
D:\Kugou\Lyric\G.E.M. 邓紫棋 - 再见-ec2f249e4cca0cf59f660876c54bec1f-112855576-00000000.krc|3369|2023-05-09 10:23:08|FILE
D:\Kugou\Lyric\枫-2a8e3fac632c0cb1a29d55dbe90b488c-32751120-00000000.krc|2952|2024-12-08 21:19:59|FILE
D:\Kugou\Lyric\陈奕迅 - 想听-38c8726706d23c19a8aab823172e4f06-127098289-00000016.krc|3547|2023-06-03 09:28:49|FILE
D:\Kugou\如果当时.mp3|5060776|2024-04-16 21:12:07|FILE
D:\Kugou\Lyric\艾索 - 嘘-82b47a4a4ffd8658f164d73dcbf4791a-52069431-00000000.krc|1683|2024-04-09 16:56:01|FILE
D:\Kugou\Lyric\贺仙人 - 你的-b5d1569233ab64b35b202305075f1908-158583121-00000000.krc|2819|2023-07-30 18:49:06|FILE
D:\Kugou\Lyric\Hayley Westenra - Amazing Grace-2f10e3ec63384484e6840e50312bcf7c-168001697-00000000.krc|1824|2024-05-27 15:00:52|FILE
D:\Kugou\KGMusic\11.1.31.26839\widget_dark.skn|145357|2024-10-09 18:30:18|FILE
D:\Kugou\Lyric\Maksim Mrvica、Nikša Bratoš、Remi Kazinoti、Craig Pruess - Croatian Rhapsody (克罗地亚狂想曲)-e22e2e2ff46efc5ab10b93b292359797-19525574-00000000.krc|283|2023-08-22 17:33:47|FILE
D:\Kugou\Lyric\艾索 - 嘿咻狂想曲-d18cfe4eb5e3923591eacd4bf7cf5121-151365828-00000000.krc|875|2024-06-01 22:22:36|FILE
D:\Kugou\Lyric\半城烟沙-许嵩-5ab9a468dc4838ac15aad09d3ac3ff5b-167175097-00000000.krc|2913|2025-06-03 17:34:03|FILE
D:\Kugou\Lyric\HOYO-MiX - Ethereal Mildness 绿枝新柔-f35525aacab44d9657a2ff3ef8f9142d-134399365-00000000.krc|1140|2024-06-01 22:06:42|FILE
D:\Kugou\Lyric\G.E.M. 邓紫棋 - 句号-be28309df4af7c05101a2eabb123ae95-95182519-00000000.krc|4470|2023-07-07 10:21:30|FILE
D:\Kugou\Lyric\黑色幽默.lrc|1585|2024-12-04 16:55:00|FILE
D:\Kugou\Lyric\贺敬轩 - 奔赴星空-6c597be449243b37647b77a0ae0b5253-52557542-00000000.krc|4377|2023-02-25 12:16:42|FILE
D:\Kugou\Lyric\真名有雪 - 如果爱忘了-62784f803fdb2e13c167379f36073128-124648510-00000000.krc|2650|2023-06-03 09:28:48|FILE
D:\Kugou\Lyric\艾索 - 嘿咻狂想曲-d18cfe4eb5e3923591eacd4bf7cf5121-23922317-0000005C.krc|830|2023-08-28 12:31:35|FILE
D:\Kugou\Lyric\Megan & Liz - Cruel Summer-aae3ee4bf38e180f551e3c25d147504a-112247546-00000000.krc|5602|2023-06-03 09:28:48|FILE
D:\Kugou\Lyric\枫.lrc|2275|2024-04-21 18:57:03|FILE
D:\Kugou\Lyric\黒うさP、初音ミク - 千本桜 (千本樱)-c5685a883b7555b2c01ca30010413fa2-136431011-00000000.krc|5984|2023-08-17 15:12:01|FILE
D:\Kugou\Lyric\G.E.M. 邓紫棋 - 多远都要在一起-a0ae93e5d475cbc7b52c6f45a7403f98-126252405-00000000.krc|3065|2023-05-20 16:36:03|FILE
D:\Kugou\Lyric\艾索 - 宝贝别哭-ed5951fa3912735fe8808620674b091f-163274090-00000000.krc|2620|2024-05-11 20:59:02|FILE
D:\Kugou\如烟.mp3|12563980|2023-10-03 21:57:38|FILE
D:\Kugou\Lyric\mom-f2b1537ff106516757e753149c28407b-55268470-00000000.krc|4593|2025-05-31 20:48:57|FILE
D:\Kugou\Lyric\G.E.M. 邓紫棋 - 多远都要在一起-a0ae93e5d475cbc7b52c6f45a7403f98-88140219-00000000.krc|2920|2023-04-16 18:08:43|FILE
D:\Kugou\Lyric\许嵩 - 有何不可-069c70fe35c4ee9a40866979eae8062d-124778428-00000000.krc|3369|2023-05-20 15:54:12|FILE
D:\Kugou\chuan.flac|54293895|2024-11-19 21:17:23|FILE
D:\Kugou\KGMusic\11.1.31.26839\cef_200_percent.pak|305490|2024-10-09 18:41:05|FILE
D:\Kugou\Lyric\moumoon - Sunshine Girl-44d6df355be22085acbd970b88c95a44-135454182-00000000.krc|6625|2023-08-22 18:59:33|FILE
D:\Kugou\Lyric\小小-8b5eec151be17936253fe1b8aab44586-171514524-00000000.krc|3121|2025-05-31 23:06:19|FILE
D:\Kugou\KGMusic\11.1.31.26839\widget_light.skn|136366|2024-10-09 18:30:18|FILE
D:\Kugou\Lyric\艾索 - 晚安喵-aabae74a32dd9158093fe5f5529c8cb5-144667395-00000000.krc|1316|2023-10-15 19:57:52|FILE
D:\Kugou\KGMusic\11.1.31.26839\cef_extensions.pak|1288420|2024-10-09 18:41:05|FILE
D:\Kugou\Lyric\梁凡 - 第一个想见的人-6f334ce9e7991c5f708def4a3c4384d2-46560480-00000000.krc|3642|2025-06-05 19:10:51|FILE
D:\Kugou\Lyric\OneRepublic - Apologize-e7b59dca851747318934a433d9c01a18-219245516-00000000.krc|3146|2024-10-21 08:24:45|FILE
D:\Kugou\guaidanxinlixue.flac|46233553|2024-11-19 21:15:10|FILE
D:\Kugou\Lyric\龙卷风-周杰伦-ef59cd88f0e818da9471df80287bd37a-190357941-00000000.krc|3568|2025-06-05 19:55:05|FILE
D:\Kugou\Lyric\G.E.M. 邓紫棋 - 我的秘密-7fbb35dedd24b54a8f0d895c7f61d04c-112862703-00000000.krc|3782|2023-06-02 17:43:22|FILE
D:\Kugou\KGMusic\11.1.31.26839\chrome_elf.dll|906376|2024-10-09 18:41:05|FILE
D:\Kugou\KGMusic\11.1.31.26839\widget_phonograph.skn|590150|2024-10-09 18:30:19|FILE
D:\Kugou\Lyric\HOYO-MiX - For Riddles, for Wonders 几初的智愿-77e14268616c3ba6c1bf08609ea2dda4-113994342-00000000.krc|932|2023-11-24 12:52:27|FILE
D:\Kugou\Lyric\知足-65290a66958c7ec5bda081820c64ab83-180740976-00000000.krc|2884|2024-04-04 22:19:54|FILE
D:\Kugou\Lyric\梨笑笑 - 新生的枝桠-4abf9c7bf34afd628ff7b682c569f8c1-327507694-00000000.krc|4019|2025-05-30 15:44:54|FILE
D:\Kugou\Lyric\半城烟沙-许嵩-5ab9a468dc4838ac15aad09d3ac3ff5b-52179526-00000027.krc|2590|2025-05-28 09:21:12|FILE
D:\Kugou\KGMusic\11.1.31.26839\codecs.dll|1242760|2024-10-09 18:41:26|FILE
D:\Kugou\Lyric\赵乃吉 - 笑着说晚安-f3bcb6a9500a2d76496608a67d876f64-94366682-00000000.krc|3210|2025-06-05 21:31:27|FILE
D:\Kugou\KGMusic\11.1.31.26839\winusb.dll|38016|2024-10-09 18:37:27|FILE
D:\Kugou\Lyric\陈奕迅 - 爱情转移-a549238fa1b05eabe841dfe110899647-173709560-00000000.krc|3882|2024-01-05 10:32:58|FILE
D:\Kugou\KGMusic\11.1.31.26839\concrt140.dll|258128|2024-06-14 15:24:13|FILE
D:\Kugou\Lyric\橙浩枫 - 温暖的房子-f10450bd052c20a78de5d946bcfa1dad-334593684-00000000.krc|3966|2025-06-05 21:56:22|FILE
D:\Kugou\Lyric\HOYO-MiX - Rex Incognito 尘世闲游-51c142fc6a88c9a80b997c8a6de50aa3-134410922-00000000.krc|1214|2024-06-03 11:18:44|FILE
D:\Kugou\I know you were trouble.mp3|3516835|2023-06-19 21:44:51|FILE
D:\Kugou\Lyric\Paul Wallen、Gigi Nally - Umbrella-41231743da667c34ae1cc2a3fc2f1421-114058650-00000000.krc|4235|2024-02-22 14:41:05|FILE
D:\Kugou\Lyric\许嵩 - 有何不可-069c70fe35c4ee9a40866979eae8062d-96311493-00000018.krc|3755|2023-03-14 16:09:07|FILE
D:\Kugou\Lyric\知足-65290a66958c7ec5bda081820c64ab83-39589262-0000000E.krc|2557|2025-05-27 17:36:37|FILE
D:\Kugou\Lyric\赵希予 - 落日星空-263ec096c0d487305e03c19eb4fed7a0-91485389-00000000.krc|3085|2023-02-25 12:16:42|FILE
D:\Kugou\Lyric\陈奕迅 - 爱情转移-a549238fa1b05eabe841dfe110899647-175489878-00000000.krc|3736|2024-05-29 11:41:00|FILE
D:\Kugou\Lyric\艾索 - 晚安喵-aabae74a32dd9158093fe5f5529c8cb5-166560322-00000000.krc|1306|2024-01-24 16:48:28|FILE
D:\Kugou\安静.mp3|5348750|2024-04-10 21:15:43|FILE
D:\Kugou\KGMusic\11.1.31.26839\CrashReporter.exe|87168|2024-10-09 18:36:45|FILE
D:\Kugou\Lyric\毛不易 - 愿-588ac923b8a8dad4787f1b3eacab25fe-117068270-00000000.krc|4282|2023-06-02 17:43:21|FILE
D:\Kugou\Lyric\G.E.M. 邓紫棋 - 龙卷风-3589ce66c045963af004c0fe8bf041a4-112858066-00000000.krc|4745|2023-05-30 17:42:41|FILE
D:\Kugou\KGMusic\11.1.31.26839\wmadmod.dll|380144|2024-10-09 18:14:21|FILE
D:\Kugou\Lyric\HOYO-MiX - Surasthana Fantasia 净善的遐歌-c39eaf8bf90efea08f8b6283ede8e994-134399338-00000000.krc|1607|2023-11-27 21:30:34|FILE
D:\Kugou\In the end.mp3|3471395|2024-12-07 00:30:11|FILE
D:\Kugou\Lyric\半岛铁盒-457b251ea8e609fbff112533da5fdff2-185422933-00000000.krc|4635|2025-03-21 16:36:57|FILE
D:\Kugou\Lyric\小情歌-b01e614c68b72a3681598bfe8f410cca-46017080-0000002F.krc|2871|2025-06-05 19:41:13|FILE
D:\Kugou\Lyric\赵雷 - 我们的时光-84ea1667187279849794a9cc96fa0d27-80052350-00000000.krc|2312|2023-06-19 21:33:37|FILE
D:\Kugou\Lyric\S.H.E - 你曾是少年-5cf2182c88dd6b8a09624286f0e64f07-192002822-00000019.krc|4107|2024-10-30 15:11:16|FILE
D:\Kugou\Lyric\陈奕迅 - 猜情寻-d7462887b53503fa4f091489c45f620d-127096471-00000086.krc|3735|2023-06-03 09:28:49|FILE
D:\Kugou\Lyric\龙大人不喷火 - “我的动机是你”-3e0a54c98a47c7197e285b88c916f065-57577330-00000000.krc|4566|2023-04-19 23:26:12|FILE
D:\Kugou\Lyric\知足-65290a66958c7ec5bda081820c64ab83-52160256-0000000E.krc|2673|2023-10-15 19:35:22|FILE
D:\Kugou\Lyric\艾索 - 晚安喵-e7b3fabb0e371e58e11dcdcac2a2a6fc-170079981-00000000.krc|1382|2024-07-22 21:32:37|FILE
D:\Kugou\Lyric\许嵩 - 灰色头像-cedada59f133879eb04e2f4c5b759efa-114794809-00000000.krc|3116|2023-03-22 22:21:49|FILE
D:\Kugou\Lyric\汐音社、浮生梦 - 探窗-4db8753245114881155eb2e867e00b17-126491398-00000000.krc|3252|2023-07-02 16:08:49|FILE
D:\Kugou\对不起.mp3|3607950|2024-05-07 00:45:27|FILE
D:\Kugou\Lyric\龙大人不喷火 - 叫我,灰原哀-55eab234d165bf35b08fd610bd5512e9-57888267-00000000.krc|5439|2023-05-31 12:43:17|FILE
D:\Kugou\Lyric\赵雷 - 我记得-8ce80cf10a01f37354d63e49c1b60b60-128543391-00000000.krc|4215|2023-06-19 21:32:58|FILE
D:\Kugou\Lyric\陈奕迅 - 碌卡-6db2b1da3a3bb5e84bc8aee5a7bbcc36-128231152-00000000.krc|5215|2023-06-03 09:28:49|FILE
D:\Kugou\Lyric\Sasha Alex Sloan - Runaway-0e01dd7b1377c371fea503333647d04c-192002943-00000000.krc|4245|2024-10-21 08:24:45|FILE
D:\Kugou\Lyric\HOYO-MiX - 神女劈观·唤情 Devastation and Redemption-76e34ad53ae1e5ed74232516ff50421a-134526481-00000000.krc|2697|2023-08-24 15:06:05|FILE
D:\Kugou\Lyric\小蓝背心 - 虫儿飞，风儿吹-5c6b37770358b4ac121bc28424f90ebd-170782904-00000000.krc|5279|2025-05-30 15:19:17|FILE
D:\Kugou\Lyric\陈奕迅 - 阴天快乐-c4e363b46e022d6c5ff31383efd8aedc-192548262-00000000.krc|2756|2024-10-20 21:20:38|FILE
D:\Kugou\Lyric\回到过去-a1debc2e3fea5b0a6f20a98b3b223bf7-122286018-00000000.krc|3142|2025-06-03 17:57:59|FILE
D:\Kugou\KGMusic\11.1.31.26839\active_desktop_launcher.exe|91272|2024-10-09 18:41:23|FILE
D:\Kugou\Lyric\SEVENTEEN - Rock with you-7d735a438edfc2c05223ba280f89d3fb-126484835-00000000.krc|7514|2023-06-03 09:28:49|FILE
D:\Kugou\Lyric\GALA - 追梦赤子心-97457da24d8aa1769617c57fe7d4409b-51904826-00000000.krc|2442|2023-05-30 17:28:04|FILE
D:\Kugou\Lyric\半岛铁盒-457b251ea8e609fbff112533da5fdff2-82658618-00000000.krc|4622|2025-06-07 21:56:06|FILE
D:\Kugou\Lyric\花海-cad5c392fa6e6bfc2f76f5905bc027ed-165373904-00000000.krc|2407|2025-06-03 18:19:04|FILE
D:\Kugou\Lyric\许嵩 - 灰色头像-cedada59f133879eb04e2f4c5b759efa-124555613-00000000.krc|3099|2023-05-30 16:54:50|FILE
D:\Kugou\mom.mp3|3522477|2023-05-07 17:58:36|FILE
D:\Kugou\Lyric\知足.lrc|1459|2024-12-04 16:53:50|FILE
D:\Kugou\Lyric\张信哲 - 爱就一个字-b14145dcf9b49d463aacce05d2f6a5ca-150124506-00000000.krc|3385|2024-05-31 08:49:06|FILE
D:\Kugou\Lyric\越长大越孤单-db6c4575deadd69293e7392718c0bdb4-107014101-00000031.krc|3150|2025-06-01 19:29:16|FILE
D:\Kugou\Lyric\回到过去.lrc|1891|2024-12-04 16:52:40|FILE
D:\Kugou\Lyric\I know you were trouble-e2abfcb67a48df2f359108d56608ad9a-16356351-FFFFFFF1.krc|4212|2025-06-01 20:34:48|FILE
D:\Kugou\Lyric\秋原依 - 错季-721bca3057628e6db6e5a6ef23f05643-208170634-00000000.krc|4255|2024-10-20 21:20:38|FILE
D:\Kugou\KGMusic\11.1.31.26839\active_desktop_launcher_x64.exe|102536|2024-10-09 18:41:23|FILE
D:\Kugou\KGMusic\KuGou.exe|430720|2024-10-09 18:36:36|FILE
D:\Kugou\Lyric\越长大越孤单-db6c4575deadd69293e7392718c0bdb4-174809220-00000000.krc|2742|2025-02-14 12:26:51|FILE
D:\Kugou\Lyric\T.R.Y - 不是因为寂寞才想你-6a6017e53cdbf90c3334508be9042319-122237244-00000000.krc|3220|2023-05-20 16:44:19|FILE
D:\Kugou\Lyric\许嵩 - 认错-83347141c79dc559898e298315d55dfc-136845635-00000000.krc|3025|2025-06-01 20:17:16|FILE
D:\Kugou\Lyric\花玲 - 夏夜庆典-bc49569f276af11ced7d80c24d02d250-56379303-00000000.krc|4049|2023-08-23 08:42:06|FILE
D:\Kugou\小孩-罗森涛.mp3|3518925|2025-02-14 13:48:19|FILE
D:\Kugou\Lyric\陈志朋、姚琛 - 大田后生仔 (2020天赐的声音第一季第2期现场)-ac9910daba9d5d810b1eed48d2679cdf-114598338-00000000.krc|3358|2023-03-04 21:13:14|FILE
D:\Kugou\renzhiai.flac|40971668|2024-11-19 21:16:09|FILE
D:\Kugou\Lyric\Tank - 三国恋-1325e661c6044048943a8d7d417ed280-136746363-00000000.krc|3165|2024-03-30 10:38:46|FILE
D:\Kugou\Lyric\花玲、喵酱油、宴宁、Kinsen - 让风告诉你-559c36f5f6b29ad0207142b9af2c89fe-206530808-00000000.krc|3910|2024-07-22 22:40:18|FILE
D:\Kugou\Lyric\I know you were trouble-e2abfcb67a48df2f359108d56608ad9a-163973701-00000000.krc|5179|2023-11-05 19:44:32|FILE
D:\Kugou\KGMusic\11.1.31.26839\active_desktop_render.dll|233096|2024-10-09 18:41:23|FILE
D:\Kugou\Lyric\路上的猫尾草 你的心情-8df76b1c0fc588c4d568bcd96c68fbff-260430519-00000000.krc|9231|2025-06-05 20:06:12|FILE
D:\Kugou\Lyric\陈泫孝 - 静悄悄-bd6e542d6d55d69420e2c70242afe122-196482564-00000000.krc|3176|2024-10-20 21:20:38|FILE
D:\Kugou\Lyric\半岛铁盒.lrc|3270|2024-12-04 16:09:22|FILE
D:\Kugou\Temp\34d67ecd8f608874d7119eba6bd9ac2f.kg!|730112|2025-05-26 23:35:14|FILE
D:\Kugou\KGMusic\11.1.31.26839\active_desktop_render_x64.dll|269448|2024-10-09 18:41:23|FILE
D:\Kugou\Lyric\圆游会-45a5cb9c80ecc8aea868a0ae55cdfd42-139739766-00000000.krc|3622|2025-05-31 20:30:18|FILE
D:\Kugou\Lyric\Tank - 三国恋-1ea592eb4d095fa90e2ae23ce5f7cb59-113914935-00000000.krc|3039|2024-03-22 22:27:07|FILE
D:\Kugou\Lyric\张信哲 - 爱就一个字-b14145dcf9b49d463aacce05d2f6a5ca-150124506-FFFFFFC6.krc|3389|2024-03-04 22:27:31|FILE
D:\Kugou\Lyric\科科 - 怪诞心理学-2e6ca803ef814029cb5df1eb2b27220e-221998622-00000000.krc|2876|2025-06-05 20:43:53|FILE
D:\Kugou\Lyric\边靖婷、可爱晨、小淅儿、ya妖精、叶聪明、汐音社 - 长安姑娘-8be9962f2d072c3ce8b7378f679b14d6-109374607-00000000.krc|3774|2023-02-25 12:16:42|FILE
D:\Kugou\Lyric\方书剑 - 未来的-0320f885ee89362df83aa38c56347d08-44766906-00000000.krc|4278|2024-11-17 18:42:49|FILE
D:\Kugou\KGMusic\uninst.exe|2718408|2024-10-09 18:42:30|FILE
D:\Kugou\KGMusic\11.1.31.26839\api-ms-win-core-console-l1-1-0.dll|18752|2017-03-30 00:42:26|FILE
D:\Kugou\Lyric\花玲、喵酱油、宴宁、Kinsen - 让风告诉你-a061d68d9ce699089c76151a9a551414-163784892-00000000.krc|4539|2024-06-01 12:26:04|FILE
D:\Kugou\Lyric\张叶蕾 - 还是分开-c3f89c9bc9a89287355bb21acff5cd18-192564401-00000000.krc|3375|2024-10-20 21:20:38|FILE
D:\Kugou\Lyric\半边山半边海-08c9fc9acddd7a0902725031d384e6c0-114720576-00000000.krc|2459|2025-05-31 23:54:39|FILE
D:\Kugou\LAST STARDUST.mp3|5099740|2024-09-10 15:16:09|FILE
D:\Kugou\KGMusic\11.1.31.26839\api-ms-win-core-datetime-l1-1-0.dll|18240|2017-03-30 00:42:50|FILE
D:\Kugou\Lyric\I know you were trouble-e2abfcb67a48df2f359108d56608ad9a-165778534-00000000.krc|5812|2024-02-15 19:59:20|FILE
D:\Kugou\Lyric\Tank - 三国恋-481d30a3d803819aaf68301d98604ef2-136746363-FFFFFFCE.krc|3170|2024-03-02 17:41:21|FILE
D:\Kugou\Lyric\方书剑 - 遇见生命里的特别-ff0fab8f379fc7c4462eb0332c118f2a-162819152-00000000.krc|3215|2025-06-03 18:24:00|FILE
D:\Kugou\KGMusic\11.1.31.26839\api-ms-win-core-debug-l1-1-0.dll|18240|2017-03-30 00:43:06|FILE
D:\Kugou\Lyric\张敬轩 - 只是太爱你-3c0cf3ee95598d7c03ab6d7a9ed9ebb6-52613503-000001A3.krc|2895|2023-02-25 12:16:42|FILE
D:\Kugou\Lyric\花玲、喵酱油、宴宁、Kinsen - 让风告诉你-a061d68d9ce699089c76151a9a551414-81158427-00000000.krc|4147|2023-12-18 09:06:03|FILE
D:\Kugou\Lyric\I know you were trouble-e2abfcb67a48df2f359108d56608ad9a-41994887-00000000.krc|5008|2024-06-01 12:56:30|FILE
D:\Kugou\Lyric\Tank - 三国恋-481d30a3d803819aaf68301d98604ef2-191998297-00000000.krc|3166|2024-07-22 22:14:58|FILE
D:\Kugou\KGMusic\11.1.31.26839\api-ms-win-core-errorhandling-l1-1-0.dll|18240|2017-03-30 00:43:24|FILE
D:\Kugou\Lyric\还在流浪-b1643f7edad1ae5ef306174f94c57ba6-160166720-00000000.krc|3726|2025-06-05 19:06:25|FILE
D:\Kugou\leave me alone.mp3|3769399|2024-02-27 17:27:17|FILE
D:\Kugou\Lyric\时光机-8729011457b5d4867c800b5e18b1da8a-166245404-00000000.krc|3399|2025-06-05 19:50:56|FILE
D:\Kugou\KGMusic\11.1.31.26839\api-ms-win-core-file-l1-1-0.dll|21824|2017-03-30 00:43:48|FILE
D:\Kugou\Lyric\半边山半边海.lrc|1625|2024-04-04 22:20:16|FILE
D:\Kugou\Lyric\I know you were trouble.lrc|2790|2024-04-04 22:05:39|FILE
D:\Kugou\KGMusic\11.1.31.26839\api-ms-win-core-file-l1-2-0.dll|18240|2017-03-30 00:44:08|FILE
D:\Kugou\Lyric\明天你好-1e593879928c39ececee32a2a4aae8fb-52228936-00000001.krc|2331|2025-06-01 20:04:21|FILE
D:\Kugou\Temp\34d67ecd8f608874d7119eba6bd9ac2f.kg!.cfg|4334|2025-05-26 23:35:15|FILE
D:\Kugou\Lyric\这一生关于你的风景-b8a35efa70e992fc0fe265178733adfa-45804667-00000000.krc|2694|2025-05-30 14:31:52|FILE
D:\Kugou\Lyric\许嵩、何曼婷 - 素颜-30c94ae2868e63b1058da7685e0cdf3b-191997081-00000000.krc|4036|2025-06-05 20:15:22|FILE
D:\Kugou\KGMusic\11.1.31.26839\api-ms-win-core-file-l2-1-0.dll|18240|2017-03-30 00:44:30|FILE
D:\Kugou\Lyric\程响 - 世界这么大还是遇见你-d3339506782ed80c246e3836bc669193-52288371-00000000.krc|3709|2023-05-30 17:52:55|FILE
D:\Kugou\Temp\3de0d3935bbb8415aa506bc7ca42a47d.mgg|1879338|2025-05-17 21:35:43|FILE
D:\Kugou\Lyric\小霞、海洋Bo - 向云端-2e6d88a0ca2290ba32b614fc9c7ea43b-137101254-00000000.krc|3928|2023-07-30 18:49:25|FILE
D:\Kugou\Lyric\许嵩、何曼婷 - 素颜-3fd5a4361141992c61c24b56aeedda1c-114448639-00000000.krc|4808|2023-05-31 12:35:38|FILE
D:\Kugou\Temp\564c5a5367beaf94f9c7025f962cc3fd.kgtemp|2658452|2025-05-23 20:00:46|FILE
D:\Kugou\Lyric\华语群星 - 原神DISCO-3a1061b697be77d9eb0bd5693dd61dd1-124435184-00000000.krc|2768|2023-08-02 19:40:14|FILE
D:\Kugou\Lyric\In the end-cd38d96bfb720e3c8775e7afb1dcb87f-188631879-00000000.krc|4955|2025-05-28 17:34:53|FILE
D:\Kugou\Lyric\稻香-33cc9fb83c855b5e3f95cac9cabb5efb-104140800-0000003C.krc|3301|2025-06-05 21:40:55|FILE
D:\Kugou\Lyric\汪苏泷 - 风度-6f142f2718eb7045b37dfe14df8c5fc3-50411988-FFFFFFB1.krc|3138|2023-02-25 12:16:42|FILE
D:\Kugou\KGMusic\11.1.31.26839\api-ms-win-core-handle-l1-1-0.dll|18240|2017-03-30 00:44:46|FILE
D:\Kugou\Lyric\迷人的危险-Dance+Flow.lrc|1700|2023-03-22 20:35:34|FILE
D:\Kugou\Lyric\IU - Blueming-4c5019526fe74642ad9ade9baf96cb58-133226329-FFFFFFB8.krc|6244|2023-06-18 16:59:39|FILE
D:\Kugou\Lyric\明明就-41be55bed18405d9a899a64ef543f9fd-136849683-00000000.krc|2731|2024-07-22 21:30:37|FILE
D:\Kugou\Lyric\尚雯婕 - 鹿 be free-5e5bf61e14c8061253eea225f099c076-115316294-00000000.krc|2647|2023-02-25 12:16:42|FILE
D:\Kugou\letting go.mp3|10541057|2023-06-21 17:53:54|FILE
D:\Kugou\Lyric\华语群星 - 原神DISCO-3a1061b697be77d9eb0bd5693dd61dd1-163068858-00000000.krc|2743|2023-10-14 16:58:29|FILE
D:\Kugou\Lyric\Taylor Swift - Blank Space-3ee68650f8a9d8d2c3e6be052e145666-142911419-FFFFFFD2.krc|6601|2023-08-22 17:53:38|FILE
D:\Kugou\KGMusic\11.1.31.26839\api-ms-win-core-heap-l1-1-0.dll|18240|2017-03-30 00:45:06|FILE
D:\Kugou\Lyric\IU - Celebrity-e9fdc094463575c189593227cd2c5ee6-133227110-00000000.krc|5529|2023-08-15 21:31:58|FILE
D:\Kugou\Lyric\花玲、喵酱油、宴宁、Kinsen - 让风告诉你-f5ff51e2439b4edda04f1d8cf0ff1c8e-122009829-00000000.krc|3903|2024-01-05 11:38:29|FILE
D:\Kugou\Lyric\许巍 - 曾经的你-ec6773e66df178160cd7168690fdd930-52275845-FFFFFFFD.krc|2939|2023-05-30 16:54:52|FILE
D:\Kugou\Lyric\华语群星 - 原神DISCO-3a1061b697be77d9eb0bd5693dd61dd1-166294370-00000000.krc|2768|2024-06-01 21:42:11|FILE
D:\Kugou\Lyric\张碧晨 - 笼-55603312694bf99ad6000c2d0d72d368-152189123-00000000.krc|3589|2023-07-30 18:48:59|FILE
D:\Kugou\Lyric\Taylor Swift - Blank Space-3ee68650f8a9d8d2c3e6be052e145666-51509386-00000000.krc|5610|2023-07-04 11:26:49|FILE
D:\Kugou\Lyric\陈韵若、陈每文 - 爱的回归线-5bdc9d4c043cd0a1eed7a7e021f0a1cf-191997145-00000000.krc|2772|2024-10-20 21:20:38|FILE
D:\Kugou\Lyric\圆游会.lrc|2212|2024-12-04 15:55:49|FILE
D:\Kugou\love story.mp3|3773462|2023-06-05 20:47:52|FILE
D:\Kugou\Lyric\Kelly Clarkson - Catch My Breath-de59afdf0f591a676384a090f36d80b8-131847747-00000000.krc|4644|2023-06-08 20:55:36|FILE
D:\Kugou\Lyric\透明-27fc1629ce47b0309032c7252ebcb012-179122805-00000000.krc|4605|2025-05-28 09:36:53|FILE
D:\Kugou\KGMusic\11.1.31.26839\api-ms-win-core-interlocked-l1-1-0.dll|18752|2017-03-30 00:45:26|FILE
D:\Kugou\Lyric\华语群星 - 原神DISCO-3a1061b697be77d9eb0bd5693dd61dd1-166698994-00000000.krc|2362|2023-12-08 10:56:32|FILE
D:\Kugou\Lyric\明明就-41be55bed18405d9a899a64ef543f9fd-136849683-00000126.krc|2736|2025-05-28 16:48:58|FILE
D:\Kugou\Lyric\稻香-33cc9fb83c855b5e3f95cac9cabb5efb-165166985-00000000.krc|3120|2024-06-04 08:42:24|FILE
D:\Kugou\Temp\6d7302dd58ecb6f7d6b7140281650235.mgg|2068871|2025-05-23 17:07:49|FILE
D:\Kugou\Lyric\Taylor Swift - Love Story (Pop Mix)-14f097bf1384146a003514a0e97c2512-125892085-00000000.krc|4869|2023-04-24 22:38:26|FILE
D:\Kugou\Lyric\屋顶-1b610631eea96c010075e63fa7714f27-109102389-00000036.krc|3349|2025-05-31 20:35:40|FILE
D:\Kugou\Lyric\城府-3b26ee51d52163e4e5e0debbd850dadf-136853250-00000000.krc|2857|2024-04-04 22:13:08|FILE
D:\Kugou\Lyric\汪苏泷、单依纯 - 如果爱忘了 (Live)-50f260dc0a2e7203a1ab89e1937f3927-194080465-00000000.krc|5113|2024-06-04 08:53:00|FILE
D:\Kugou\KGMusic\11.1.31.26839\api-ms-win-core-libraryloader-l1-1-0.dll|18752|2017-03-30 00:45:48|FILE
D:\Kugou\Lyric\华语群星 - 原神DISCO-3a1061b697be77d9eb0bd5693dd61dd1-168718256-00000000.krc|2384|2024-01-31 22:46:05|FILE
D:\Kugou\Lyric\透明.lrc|2888|2024-12-04 16:56:53|FILE
D:\Kugou\Lyric\张紫豪 - 地铁等待-df48d1bc719544e956887af1c15b3d51-52141890-00000000.krc|3069|2023-02-25 12:16:42|FILE
D:\Kugou\Temp\7198d9f485fd5b4bb4eab57b41eb85c4.mgg|2861807|2025-05-21 12:47:26|FILE
D:\Kugou\Lyric\Kelly Clarkson - Catch My Breath-de59afdf0f591a676384a090f36d80b8-134314116-00000000.krc|4709|2023-07-04 12:23:12|FILE
D:\Kugou\Lyric\稻香.lrc|2113|2024-04-04 22:19:25|FILE
D:\Kugou\Lyric\陈韵若、陈每文 - 爱的回归线-a76341e2080b547b5e0a0fa47302a8f7-38577247-00000000.krc|2817|2023-06-02 17:57:10|FILE
D:\Kugou\Lyric\Taylor Swift - Love Story (Pop Mix)-14f097bf1384146a003514a0e97c2512-126483253-00000000.krc|4993|2025-06-01 00:10:05|FILE
D:\Kugou\Lyric\城府-3b26ee51d52163e4e5e0debbd850dadf-39419338-0000004C.krc|3501|2025-06-03 18:36:22|FILE
D:\Kugou\KGMusic\11.1.31.26839\api-ms-win-core-localization-l1-2-0.dll|20792|2017-03-30 00:46:10|FILE
D:\Kugou\Lyric\Kelly Clarkson - Catch My Breath-de59afdf0f591a676384a090f36d80b8-143107367-00000000.krc|4786|2023-08-02 14:23:50|FILE
D:\Kugou\Lyric\城府.lrc|1870|2024-04-04 22:13:09|FILE
D:\Kugou\Lyric\Taylor Swift - Love Story (Pop Mix)-14f097bf1384146a003514a0e97c2512-18847368-000001F6.krc|4726|2023-04-18 23:24:46|FILE
D:\Kugou\KGMusic\11.1.31.26839\api-ms-win-core-memory-l1-1-0.dll|18752|2017-03-30 00:46:34|FILE
D:\Kugou\Lyric\南拳妈妈 - 下雨天-e34d98beda8845090ede8dd3c4ab4aaa-163920221-00000000.krc|2820|2024-10-30 21:25:00|FILE
D:\Kugou\Lyric\汪苏泷、徐良 - 后会无期-8ea5c8990abbe12d4244231df6e4de33-172163470-00000000.krc|3218|2024-07-22 22:15:01|FILE
D:\Kugou\Lyric\张芸京 - 偏爱-ff4f79468d638c6e4d6a4cda497064c1-150367794-00000000.krc|2374|2024-05-11 20:58:59|FILE
D:\Kugou\Lyric\苏小麦 - 大田后生仔-02309f280aec0160216f4afee0b0af88-41168550-00000000.krc|2385|2023-03-04 21:14:01|FILE
D:\Kugou\Lyric\Taylor Swift - Love Story-31917b1a0ec26af79ce77e225dcb7c31-58168439-00000000.krc|5108|2023-04-16 18:19:44|FILE
D:\Kugou\Lyric\许巍 - 蓝莲花-edcdc42fee3a4bc8f2adbaf96ade9d77-123417818-00000000.krc|1444|2023-05-30 16:54:53|FILE
D:\Kugou\Lyric\(G)I-DLE - Abracadabra-695cbb7628b1494715d211aeebe9487c-187923225-00000000.krc|6064|2024-10-21 08:24:45|FILE
D:\Kugou\waiting for love.mp3|5536623|2023-06-18 17:22:57|FILE
D:\Kugou\Lyric\卫兰 - It's OK To Be Sad-cfcbe30d0453b8044471b0d69756880a-128327348-00000000.krc|6791|2024-10-21 08:24:46|FILE
D:\Kugou\KGMusic\11.1.31.26839\api-ms-win-core-namedpipe-l1-1-0.dll|18240|2017-03-30 00:46:56|FILE
D:\Kugou\Lyric\汪苏泷、徐良 - 后会无期-8ea5c8990abbe12d4244231df6e4de33-170206020-00000000.krc|3139|2024-02-26 14:03:38|FILE
D:\Kugou\Lyric\塞西尔 - 坎农-deeb4e2e5cb32ddfced0aed14b057b33-129052234-00000000.krc|6724|2024-10-21 08:24:45|FILE
D:\Kugou\Lyric\汪苏泷、徐良 - 后会无期-90c7267860fdb5c6b067bc760d617bfd-124358675-00000000.krc|2889|2023-05-20 11:50:43|FILE
D:\Kugou\Lyric\明明就-41be55bed18405d9a899a64ef543f9fd-35707706-00000000.krc|2647|2024-10-08 14:40:01|FILE
D:\Kugou\Lyric\Kordhell、Mick Kenney - FATALITY-abce271956d0663c228316090a40f202-19525553-00000000.krc|284|2023-06-03 09:19:08|FILE
D:\Kugou\Lyric\221小伙伴 - 遥远的你-81952ef4a5f368e7d030964ac2b3f29e-108624572-00000000.krc|3000|2023-02-25 12:16:42|FILE
D:\Kugou\KGMusic\11.1.31.26839\api-ms-win-core-processenvironment-l1-1-0.dll|19264|2017-03-30 00:47:06|FILE
D:\Kugou\Lyric\汪苏泷、徐良 - 后会无期-90c7267860fdb5c6b067bc760d617bfd-62393672-00000000.krc|2693|2023-05-30 17:42:44|FILE
D:\Kugou\Lyric\周杰伦 - 听妈妈的话-54bd23f7afef36f1c8aee8c6114c8e47-192000999-00000000.krc|4830|2024-10-21 08:24:45|FILE
D:\Kugou\Lyric\墓辰倾心 - ありがとう (泪的告白) (谢谢···)-fdee9d264e8939e78b88e654c6f0bb1e-116384412-00000000.krc|4051|2023-08-02 14:23:53|FILE
D:\Kugou\Lyric\Taylor Swift - Love Story-5584885dbcde1e8cdf7350047bf2a2e6-116611960-00000000.krc|5108|2023-04-16 18:28:20|FILE
D:\Kugou\Lyric\沙一汀EL - 平行线-b0dc85f76d3988a7f7dc23ffaa8d684d-92860630-00000000.krc|6918|2023-06-15 09:34:40|FILE
D:\Kugou\Lyric\双笙 (陈元汐) - 心做し (心理作用)-233660d7913706a94a06832f66c84f73-113609504-00000000.krc|6180|2023-07-04 12:04:58|FILE
D:\Kugou\Lyric\墨宸w - 耍把戏 (改编版片段)-f186f58de3a7502062b8236330fd0242-110541052-00000000.krc|1796|2023-05-30 17:53:05|FILE
D:\Kugou\Lyric\LAST STARDUST-c5eaf35d6146a5c2cf0293d83bb06a7a-218765078-00000000.krc|5235|2024-10-08 15:07:41|FILE
D:\Kugou\Lyric\屋顶-1b610631eea96c010075e63fa7714f27-192002482-00000000.krc|3386|2024-10-07 23:38:33|FILE
D:\Kugou\Lyric\等你下课-21577296d226c3c0e614ce7b54ca6ca1-146745817-00000000.krc|3662|2025-05-31 23:54:42|FILE
D:\Kugou\Lyric\邓寓君(等什么君) - 同舟-f74041161ad36aa565afa6ba4ca74925-53481379-00000000.krc|2634|2023-02-25 12:16:42|FILE
D:\Kugou\Lyric\明明就-41be55bed18405d9a899a64ef543f9fd-52245405-00000126.krc|2607|2023-10-09 19:32:50|FILE
D:\Kugou\Lyric\周杰伦 - 回到过去-79a00772cac20558f4dc7780da7bc5fc-191997410-00000000.krc|3412|2024-10-20 21:20:37|FILE
D:\Kugou\Lyric\张芸京 - 偏爱-ff4f79468d638c6e4d6a4cda497064c1-158641551-00000056.krc|2528|2024-01-28 14:28:22|FILE
D:\Kugou\Lyric\泡沫-1e600ba906ec3be4b47f68f579ac8f03-175490253-00000000.krc|2639|2025-06-03 17:19:25|FILE
D:\Kugou\Lyric\说了再见-ea96860b2b96d04e5ee40ac1f35a6886-136675923-00000000.krc|3113|2024-09-20 19:56:42|FILE
D:\Kugou\Lyric\双笙 (陈元汐) - 心做し (心理作用)-233660d7913706a94a06832f66c84f73-145129163-00000000.krc|5981|2023-08-14 15:08:47|FILE
D:\Kugou\Lyric\壹元 - 生命中有些东西会在一瞬间改变-f6c26fa615b2dea157d8fa074b1d3aff-191204366-00000000.krc|2841|2024-10-21 08:24:46|FILE
D:\Kugou\Lyric\Taylor Swift - Love Story-f228af47b8867db0dcc08c8b7d1bdb77-40493855-FFFFFFE7.krc|5185|2023-05-20 17:05:10|FILE
D:\Kugou\Lyric\2NE1 - Fire-52496c0797d71370229ea049e07d3984-220295381-00000000.krc|7294|2024-10-21 08:24:46|FILE
D:\Kugou\Lyric\山新 - 晚安喵-817eb58e3a52233ae8348eccb42efd4c-40461277-00000000.krc|1748|2023-08-24 14:58:25|FILE
D:\Kugou\Lyric\明明就.lrc|1643|2024-04-04 22:19:22|FILE
D:\Kugou\KGMusic\11.1.31.26839\api-ms-win-core-processthreads-l1-1-0.dll|20288|2017-03-30 00:47:26|FILE
D:\Kugou\Lyric\苏星婕 - 动听的谎话-ab55c5fcafe30b0cff93884df219bdb9-191493972-00000000.krc|3223|2024-10-21 08:24:46|FILE
D:\Kugou\wennuandehouse.flac|60086606|2024-11-19 21:28:56|FILE
D:\Kugou\Lyric\那些你很冒险的梦-ce4cea8960e4b9a86dfa54962a45cac5-113466456-00000000.krc|2548|2023-06-27 21:17:13|FILE
D:\Kugou\Lyric\多余的解释-34d67ecd8f608874d7119eba6bd9ac2f-136805646-00000000.krc|4741|2025-05-26 23:35:15|FILE
D:\Kugou\KGMusic\11.1.31.26839\api-ms-win-core-processthreads-l1-1-1.dll|18752|2017-03-30 00:47:54|FILE
D:\Kugou\Lyric\LAST STARDUST-c5eaf35d6146a5c2cf0293d83bb06a7a-235313146-00000000.krc|5231|2025-06-05 19:36:39|FILE
D:\Kugou\Lyric\周杰伦 - 对不起-8f3b6d06159d8131806c723a9779d097-136981516-00000000.krc|3516|2024-09-21 22:14:23|FILE
D:\Kugou\Lyric\等你下课.lrc|2157|2024-04-09 14:45:23|FILE
D:\Kugou\一样的月光.mp3|9618412|2023-02-26 17:14:49|FILE
D:\Kugou\Lyric\反方向的钟-db9a19359b3d64a3336a343d3f231636-52202370-FFFFFE2D.krc|3349|2025-06-05 20:56:12|FILE
D:\Kugou\Lyric\A-Lin - 柠檬草的味道-2308a58f58f086d51ba58dd17760ec1b-151679749-00000000.krc|2664|2024-10-21 08:24:46|FILE
D:\Kugou\Lyric\Taylor Swift - Welcome To New York-2cf495d46d87e993db2e2c550f075c0e-123970043-00000000.krc|3947|2023-06-19 21:38:37|FILE
D:\Kugou\Lyric\浩然H.R - 年少的你啊-07e5ce1a809f268290a9b6b1e4a13f5a-133240935-00000000.krc|2488|2023-07-30 18:48:33|FILE
D:\Kugou\Lyric\多余的解释-许嵩-2b1b5f5befd103a446f91cd4a7362bb5-38538593-0000000F.krc|4335|2025-06-05 18:48:58|FILE
D:\Kugou\Lyric\买辣椒也用券 - 起风了-eb30fa0b0712a2c44a41d70188d909f9-124162047-00000000.krc|4574|2023-03-16 16:24:53|FILE
D:\Kugou\Lyric\周杰伦 - 开不了口-32dd461a82439d4b75e87ecc3f047e6a-136844632-00000000.krc|3409|2025-06-03 18:02:45|FILE
D:\Kugou\Lyric\苏星婕 - 吹着晚风想起你-a681207646286226770e2e829523dc57-134558112-00000000.krc|2448|2023-06-19 21:32:34|FILE
D:\Kugou\Lyric\那些你很冒险的梦-ce4cea8960e4b9a86dfa54962a45cac5-139722817-00000000.krc|2551|2024-06-03 11:31:56|FILE
D:\Kugou\Lyric\V.R- - 7-17826c070a00c437c2670e85d7eae69e-46054112-00000000.krc|3902|2023-06-03 09:28:49|FILE
D:\Kugou\Lyric\岑宁儿 - 追光者-03f818ef5b72d16f65bd6298fb99b440-145693129-00000000.krc|3087|2025-06-05 19:31:20|FILE
D:\Kugou\Lyric\发如雪-a065c6d89dc9e8505737be784b9fc467-164610279-00000000.krc|3815|2025-06-01 19:38:28|FILE
D:\Kugou\Lyric\leave me alone-300ef638833a0c10fb64ac853bb33d45-131862364-00000000.krc|1710|2025-06-05 21:46:44|FILE
D:\Kugou\一点点.mp3|3554869|2024-04-18 16:34:00|FILE
D:\Kugou\Lyric\说了再见-ea96860b2b96d04e5ee40ac1f35a6886-136675923-000000EF.krc|3117|2025-06-01 00:29:56|FILE
D:\Kugou\Lyric\筷子兄弟 - 老男孩-18f349e25310236d93c88f9c088fca23-126396462-00000000.krc|4018|2023-07-04 11:56:21|FILE
D:\Kugou\Lyric\星晴-3ae01f75cfb498abdd8d93a861a320ae-136862384-00000000.krc|3228|2025-06-05 18:32:02|FILE
D:\Kugou\Lyric\淘汰-7db5528e4023126345796d06b1b85ac5-220235768-00000000.krc|1513|2025-06-05 21:42:48|FILE
D:\Kugou\Lyric\买辣椒也用券 - 起风了-eb30fa0b0712a2c44a41d70188d909f9-70756625-00000000.krc|5060|2023-03-12 11:07:20|FILE
D:\Kugou\Lyric\A-Lin - 给我一个理由忘记-73d820d7500c9d282dba950ed0026644-163705947-00000000.krc|2760|2024-03-21 16:24:18|FILE
D:\Kugou\Lyric\多多poi、刘照坤Jock - 你呀你呀-980d9a21e9b14d29b96b24814d28d46c-166144002-00000000.krc|4220|2023-10-30 21:34:51|FILE
D:\Kugou\Lyric\周杰伦 - 我落泪情绪零碎-27943eb1cbd46f7bb165b054ce6ebdc8-136655093-00000000.krc|3153|2024-10-20 21:20:37|FILE
D:\Kugou\Lyric\苏醒 - Preface-b489221faeb88c2cb56dbb8f1015f60b-20199633-00000000.krc|8281|2024-05-07 11:52:06|FILE
D:\Kugou\Lyric\VALSHE - 君への嘘 (对你说谎)-0211b20714c69c133665ef1497ecd03d-49680687-00000016.krc|5579|2023-03-31 19:47:57|FILE
D:\Kugou\Lyric\张芸京 - 偏爱-ff4f79468d638c6e4d6a4cda497064c1-198131299-00000000.krc|2599|2024-07-22 21:54:10|FILE
D:\Kugou\Lyric\句号-0ec0dfe7a4090b3c5c2c1831d7f3ed51-175537963-00000000.krc|4939|2025-05-28 10:27:16|FILE
D:\Kugou\Lyric\筷子兄弟 - 老男孩-db704d62d27793be1623c70d3b94d959-39338371-00000066.krc|3672|2023-07-27 15:19:42|FILE
D:\Kugou\Lyric\letting go-15255657d55f42d298454a04960b2dc3-164978829-00000000.krc|3071|2024-07-22 22:07:17|FILE
D:\Kugou\Lyric\那些你很冒险的梦-ce4cea8960e4b9a86dfa54962a45cac5-170219326-00000000.krc|2638|2025-06-05 18:57:23|FILE
D:\Kugou\一路向北.mp3|11771947|2023-06-26 08:55:58|FILE
D:\Kugou\Lyric\星野 - 晚风告白-4d3d2eb0c621813db45adad94bdae0cb-191655934-00000000.krc|3744|2024-10-21 08:24:45|FILE
D:\Kugou\Lyric\买辣椒也用券 - 起风了-fd32ef10e8a963ea7044ae4fbd4369fb-124295984-00000000.krc|4576|2023-08-16 09:29:17|FILE
D:\Kugou\Lyric\说了再见.lrc|1755|2024-12-04 16:12:47|FILE
D:\Kugou\Lyric\A-Lin - 给我一个理由忘记-73d820d7500c9d282dba950ed0026644-191997879-00000000.krc|2758|2024-06-03 11:23:28|FILE
D:\Kugou\Lyric\多远都要在一起-768f6fa531a3d883be3f6c91aaf60612-112855851-00000000.krc|3416|2024-11-12 23:22:14|FILE
D:\Kugou\Lyric\清明雨上-许嵩-28e5739d14811da1bb5af6451fb6e78a-52121552-00000000.krc|2049|2025-06-05 20:32:14|FILE
D:\Kugou\Lyric\VALSHE - 君への嘘 (对你说谎)-c0db072152e17b6c75ed722acfed5152-49680687-00000000.krc|5576|2023-04-07 22:49:23|FILE
D:\Kugou\Lyric\岑宁儿 - 追光者-03f818ef5b72d16f65bd6298fb99b440-53397433-FFFFFFCD.krc|2840|2023-06-27 21:28:35|FILE
D:\Kugou\Lyric\周杰伦 - 搁浅 (Live)-3fb8f8182044bfd2d05f0543ff175b64-58644073-00000000.krc|2874|2024-04-02 23:32:18|FILE
D:\Kugou\Lyric\苏醒AllenSu - Dream-5d8230da4089bbcb60f0a2e07920c735-137479210-00000000.krc|5462|2024-05-20 17:40:26|FILE
D:\Kugou\Lyric\letting go-15255657d55f42d298454a04960b2dc3-70615669-00000000.krc|3226|2025-05-26 17:17:15|FILE
D:\Kugou\Lyric\简单爱-57e47ad3ce59aa28f9e2864c7ce0ec78-136739544-00000000.krc|3792|2025-05-28 10:02:16|FILE
D:\Kugou\Lyric\句号.lrc|3225|2024-04-04 22:20:23|FILE
D:\Kugou\七里香.mp3|4740620|2023-06-05 20:41:54|FILE
D:\Kugou\Lyric\多远都要在一起-768f6fa531a3d883be3f6c91aaf60612-188849621-00000000.krc|3415|2024-06-02 17:39:13|FILE
D:\Kugou\Lyric\Aimer - Refrain-7c3f24036d2ee7c12a01e6579b78f4dd-50390025-00000000.krc|7313|2023-05-30 17:52:57|FILE
D:\Kugou\Lyric\灯芒 - 最后一页-7300da73245334a3f15a33db0345a44c-198142872-00000000.krc|2189|2024-10-20 21:20:38|FILE
D:\Kugou\Lyric\VALSHE - 君への嘘 (对你说谎)-d0f02270a1712e207762aeee55aeb46e-49680687-00000019.krc|5580|2023-08-14 16:13:09|FILE
D:\Kugou\Lyric\于文文 - 体面-0f57843484d3af06aaea623d66bb286c-51979652-00000000.krc|2839|2023-06-02 18:01:53|FILE
D:\Kugou\Lyric\说好不哭-a29884cca0e8cc7eb1b602116916250e-162936145-00000000.krc|2654|2025-06-07 22:08:35|FILE
D:\Kugou\Lyric\那些你很冒险的梦.lrc|1673|2024-12-04 16:56:21|FILE
D:\Kugou\Lyric\晴天-7c4f6937cd0427d3ab3749bf99896d3f-135153844-00000000.krc|4308|2023-07-09 00:17:51|FILE
D:\Kugou\Lyric\张远 - 嘉宾-0e18c0e1405168fa54738bc2397bbd98-56857247-00000000.krc|4930|2024-10-31 11:35:02|FILE
D:\Kugou\Lyric\后会无期-8894015d5cae473f84c9b1f30b8dce41-143056433-00000000.krc|2444|2025-06-07 21:33:58|FILE
D:\Kugou\Lyric\晴天-7c4f6937cd0427d3ab3749bf99896d3f-136649540-00000000.krc|4287|2025-01-14 14:02:28|FILE
D:\Kugou\Lyric\说好不哭.lrc|1744|2024-12-04 16:12:41|FILE
D:\Kugou\Lyric\郑鱼 - 回音-8f7a3f3839d522305b41d21463dcf95a-121932845-00000000.krc|1936|2023-06-03 09:28:48|FILE
D:\Kugou\Lyric\于潼 - 时间线-5a2e5ad5c4a716577b37cf578477b815-49329157-00000000.krc|3235|2023-06-03 09:28:49|FILE
D:\Kugou\Lyric\多远都要在一起-768f6fa531a3d883be3f6c91aaf60612-209554015-00000000.krc|3408|2025-06-05 20:02:36|FILE
D:\Kugou\Lyric\张远、陈卓璇 - 双-072d6f3306f8c2f4fd7c10a102c2173f-236170395-00000000.krc|3432|2024-10-21 08:24:46|FILE
D:\Kugou\Lyric\Various Artists - なでなで-5b75a686c5d147c453fca91a2c383504-49681282-FFFFFFF8.krc|6165|2023-06-03 09:28:49|FILE
D:\Kugou\Lyric\年少有为-fc0c082250d4ad1bb8a810f4a6a35502-164044103-00000000.krc|4220|2025-05-30 13:48:02|FILE
D:\Kugou\Lyric\灰色头像-0358ecb84398670a45207c7788760a4b-39118727-00000000.krc|3338|2025-05-27 16:03:07|FILE
D:\Kugou\Lyric\后会无期.lrc|1453|2024-12-04 16:52:27|FILE
D:\Kugou\Lyric\五月天 - 如烟-fd4fbc0c15e34f554047032c15b26c23-39263880-00000010.krc|4321|2024-11-04 16:15:20|FILE
D:\Kugou\Lyric\说好的幸福呢-fa0c77145dadb1dbf8a641f9eff28e27-136651575-00000000.krc|3676|2024-06-04 08:42:23|FILE
D:\Kugou\Lyric\郭采洁 - 我的未来式-f90dd34f433795a4ff08d8eaa017681c-112794751-00000000.krc|2759|2023-02-25 12:16:42|FILE
D:\Kugou\Lyric\周杰伦 - 断了的弦-555913f39be78b91f0cc791f84b1d37f-195733274-00000000.krc|3154|2025-05-28 11:26:41|FILE
D:\Kugou\Lyric\Avicii - The Nights-00c09747e6772ec47535a7b84cbbec0b-124416493-00000000.krc|3495|2023-08-02 14:23:58|FILE
D:\Kugou\Lyric\苏醒AllenSu、Larissa - 北京City-cdd8509eca2bfd63eb012cc93a0036f3-192844188-00000000.krc|9821|2024-05-02 22:22:17|FILE
D:\Kugou\Lyric\简单爱.lrc|2406|2024-04-09 14:46:12|FILE
D:\Kugou\下雨天.mp3|4050151|2024-09-19 21:01:18|FILE
D:\Kugou\Lyric\后来的我们-bcab4a830484aa35eb9c0415d6eb7774-116967785-00000000.krc|3705|2023-06-28 08:10:11|FILE
D:\Kugou\Lyric\晴天-7c4f6937cd0427d3ab3749bf99896d3f-274944371-00000000.krc|4306|2025-05-31 22:36:58|FILE
D:\Kugou\Lyric\letting go.lrc|2063|2024-12-04 16:51:15|FILE
D:\Kugou\Lyric\说好的幸福呢-fa0c77145dadb1dbf8a641f9eff28e27-48656059-00000018.krc|3126|2025-06-05 21:19:00|FILE
D:\Kugou\Lyric\多远都要在一起.lrc|2034|2024-04-04 22:20:21|FILE
D:\Kugou\Lyric\晴天-7c4f6937cd0427d3ab3749bf99896d3f-77862273-00000000.krc|4072|2023-06-23 11:51:02|FILE
D:\Kugou\Lyric\爱一点-ed76c762396d6005487b711c08c606c5-171647397-00000000.krc|2665|2025-05-28 10:57:02|FILE
D:\Kugou\Lyric\Li-2c(李楚楚) - 爱一点-883c7d7fe9a8d1d578cac71bdd164638-109302650-00000000.krc|2626|2023-12-28 23:01:03|FILE
D:\Kugou\Lyric\Versutus - see you tomorrow-e77388ea5711aa71005016911f1d8749-189881173-00000000.krc|5745|2024-10-21 08:24:46|FILE
D:\Kugou\Lyric\郭顶 - 凄美地-1938b3085b81d3bcac43370b2f7e5f8b-130372356-00000000.krc|2831|2023-08-23 08:42:13|FILE
D:\Kugou\Lyric\后来的我们-bcab4a830484aa35eb9c0415d6eb7774-142927706-00000000.krc|3711|2025-06-03 19:04:24|FILE
D:\Kugou\Lyric\张靓颖 - 如果这就是爱情-4e871df1e2034cf6baad7b03d2386058-112312274-FFFFFF85.krc|3300|2023-02-25 12:16:42|FILE
D:\Kugou\Lyric\Avicii - The Nights-00c09747e6772ec47535a7b84cbbec0b-139709665-00000000.krc|3512|2023-08-05 18:28:14|FILE
D:\Kugou\Lyric\五月天 - 知足-4bb794cd45fe6ef0068be3085a9e5d84-126276219-00000000.krc|2694|2023-09-08 21:02:21|FILE
D:\Kugou\Lyric\Lil-7 - 疑心病-55ef8c71c084456fac0a354f66cf7887-125526253-00000000.krc|3752|2023-06-03 09:28:49|FILE
D:\Kugou\Lyric\周杰伦 - 暗号-b4e946f6a8aaedc1704f632bef821027-136744460-00000000.krc|3661|2024-11-07 00:22:51|FILE
D:\Kugou\Lyric\庄心妍 - 真的不容易-8d3bffbbc12adff1e30d943adc25c9e7-84941193-0000008D.krc|2914|2023-02-25 12:16:42|FILE
D:\Kugou\Lyric\Avicii - The Nights-00c09747e6772ec47535a7b84cbbec0b-165355969-0000014D.krc|3625|2024-02-05 13:25:57|FILE
D:\Kugou\Lyric\Lil-7 - 疑心病-55ef8c71c084456fac0a354f66cf7887-191435804-00000000.krc|3751|2024-10-21 08:24:45|FILE
D:\Kugou\Lyric\五月天 - 突然好想你-72c34e8ffd8add8476a4c3036fb31539-112987124-00000000.krc|3555|2023-04-19 23:25:10|FILE
D:\Kugou\Lyric\张靓颖 - 如果这就是爱情-a8445153a74cf68dd5ab5380782cdf52-109156787-00000000.krc|2942|2023-11-19 15:35:36|FILE
D:\Kugou\Lyric\郭顶 - 我们俩-303ed40e9f6116306a2aa18c062f8978-165639232-00000000.krc|3023|2024-05-08 20:19:17|FILE
D:\Kugou\Lyric\Vicetone、Kat Nestel - Angels-e574269b9a27cca455119baf9b3ee6c8-57128245-00000000.krc|3848|2023-02-25 12:16:42|FILE
D:\Kugou\Lyric\君に最後の口づけを-majiko.lrc|1742|2023-04-13 22:32:22|FILE
D:\Kugou\Lyric\庐州月-许嵩-6312f10ef0d5c3b0ecc197f7f015569c-233998252-00000000.krc|2756|2025-06-05 18:44:21|FILE
D:\Kugou\Lyric\love story-c44d9a9ee8018210d9647fed3605fc1f-52170218-00000000.krc|4824|2023-04-22 20:56:22|FILE
D:\Kugou\Lyric\五月天 - 突然好想你-7f11e661617c2b972465d16d682a8a76-117494461-00000000.krc|2756|2023-06-08 21:17:13|FILE
D:\Kugou\Lyric\张靓颖 - 如果这就是爱情-a8445153a74cf68dd5ab5380782cdf52-132596315-00000009.krc|3169|2023-12-02 20:19:11|FILE
D:\Kugou\Lyric\Vicetone、WILLIM缪维霖、黄霄雲 - 平行线 (Wish You Were Here)-6a1ca5cb067781f21a76a46678562135-53491917-00000000.krc|2680|2023-06-15 09:33:20|FILE
D:\Kugou\Lyric\郭顶 - 我们俩-8627829cbd970bef96883033482df08d-165639232-00000007.krc|3024|2024-03-02 13:51:12|FILE
D:\Kugou\Lyric\Avicii - The Nights-00c09747e6772ec47535a7b84cbbec0b-180742574-00000000.krc|4310|2024-05-27 16:45:52|FILE
D:\Kugou\Lyric\五月天 - 突然好想你-7f11e661617c2b972465d16d682a8a76-134449689-00000000.krc|2550|2025-05-27 15:50:23|FILE
D:\Kugou\Lyric\张靓颖 - 如果这就是爱情-a8445153a74cf68dd5ab5380782cdf52-164050415-00000000.krc|3374|2023-11-28 16:59:39|FILE
D:\Kugou\Lyric\听妈妈的话-b55fcc75168e0c8f3eb8aad347911328-51526996-00000000.krc|4577|2025-05-31 21:56:39|FILE
D:\Kugou\Lyric\说好的幸福呢.lrc|2340|2024-12-04 16:12:34|FILE
D:\Kugou\Lyric\郭顶 - 水星记-5a6043d7b7109d14f01cd4d283d58cfb-191997020-00000000.krc|2939|2024-05-27 15:28:55|FILE
D:\Kugou\Lyric\算什么男人-1097b1d82dbc81d823f342fd255b9689-52892188-00000018.krc|3434|2025-05-28 10:23:20|FILE
D:\Kugou\Lyric\交换余生-51c03e89e912389db19ed20070736485-55121481-00000000.krc|2487|2025-06-07 22:12:14|FILE
D:\Kugou\Lyric\Lulleaux、Giang Pham - Contact-484e19e73a9b63ab3f2dcb54871e5f51-131735492-00000000.krc|3548|2023-06-03 09:28:49|FILE
D:\Kugou\Lyric\爱一点.lrc|2159|2024-12-04 15:56:17|FILE
D:\Kugou\Lyric\张靓颖 - 如果这就是爱情-ec4d0416046531660af0ba524dcb1739-132366953-00000007.krc|2886|2023-12-18 10:28:23|FILE
D:\Kugou\Lyric\听爸爸的话-81f8de2bacbad200237222bb348a5ac4-166927492-00000000.krc|3526|2025-06-01 20:08:45|FILE
D:\Kugou\Lyric\开始懂了-93f260998a10f4ad6b46606af5c8ec72-223522842-00000000.krc|2925|2025-05-31 12:20:58|FILE
D:\Kugou\Lyric\Wild Cards、James Delaney - Falling Down-5d76ef4a97aaaccf69694b3fbead3606-121366049-00000000.krc|3270|2023-02-25 12:16:42|FILE
D:\Kugou\Lyric\交换余生.lrc|1340|2024-04-04 22:19:36|FILE
D:\Kugou\Lyric\M500002cy88Y0gM3bD-63927c2c530ad371bc33dffa88d0aa38-79357155-00000000.krc|2684|2024-09-27 23:05:15|FILE
D:\Kugou\Lyric\郭顶 - 水星记-a72fd1726c82710619cd91789f81071b-142774273-00000000.krc|2933|2024-03-22 21:25:15|FILE
D:\Kugou\Lyric\爱你没差-66f31869bbaa767a929f35eee1ccc5c9-137009303-00000000.krc|3045|2025-06-07 22:41:24|FILE
D:\Kugou\Lyric\晴天.lrc|2622|2024-04-04 22:05:43|FILE
D:\Kugou\Lyric\大田后生仔-57889b144f1e3beccb57b81709c72094-41149964-00000000.krc|2807|2025-05-26 20:55:16|FILE
D:\Kugou\Lyric\粉色海洋-011910288223f1b26cc8964ab4383f03-160166541-00000000.krc|3773|2024-06-19 09:58:15|FILE
D:\Kugou\Lyric\Avicii - Waiting For Love-e8a86e3bcce1d445b7ba1a0fcf37c397-130744999-00000000.krc|3212|2024-10-31 09:56:37|FILE
D:\Kugou\Lyric\感谢你曾来过-010efe9ac2759d0d551d6c176074f87f-341286543-00000000.krc|5097|2025-05-30 16:09:25|FILE
D:\Kugou\Lyric\苦茶Son - 苦茶子-331e8d8090a053cd98e187bb7ffa6ac2-113310035-00000000.krc|3492|2023-06-03 09:28:48|FILE
D:\Kugou\Lyric\张靓颖 - 如果这就是爱情-ec4d0416046531660af0ba524dcb1739-171818348-00000000.krc|2914|2024-02-27 20:40:35|FILE
D:\Kugou\Lyric\任夏 - 你总要学会往前走-dcc4a427ec9b14b4b8e10e747d9b80ce-189320449-00000000.krc|1791|2024-06-20 22:51:02|FILE
D:\Kugou\Lyric\张三七 - 哪儿-a1975779dd3efb38dbb6ba3533c8fcca-114902470-00000000.krc|2406|2024-02-27 17:36:26|FILE
D:\Kugou\Lyric\听见下雨的声音-3ffb377d2c6c90116ca288af137fc75f-142457084-00000000.krc|2594|2025-06-05 20:28:33|FILE
D:\Kugou\Lyric\Wiz_H张子豪 - 一般的一天-e33986c96698eb155fcd94e72d712ae7-134183876-00000000.krc|5372|2023-06-19 21:33:04|FILE
D:\Kugou\Lyric\周杰伦 - 枫-0d7e8c11c961a17eb8779feb0ca772e3-113669623-00000000.krc|3180|2025-05-31 10:37:39|FILE
D:\Kugou\Lyric\范倪Liu - 南半球与北海道-fe7960f1d85fe1a368babed5552c0ac0-58976501-00000000.krc|4518|2023-08-22 17:45:49|FILE
D:\Kugou\Lyric\张靓颖 - 如果这就是爱情-ec4d0416046531660af0ba524dcb1739-190950110-00000000.krc|2954|2024-05-24 20:02:25|FILE
D:\Kugou\Lyric\吴克群 - 为你写诗-d315a5b974820770a99c5f5a7e31baf4-92379207-FFFFFFEC.krc|2665|2023-02-25 12:16:42|FILE
D:\Kugou\Lyric\任夏 - 悲伤的爱情-421033960cbaa0ac209756b6f5bcfa25-134640468-00000000.krc|2415|2023-06-19 21:32:08|FILE
D:\Kugou\Lyric\曾经你说-a214d2815599c474135e5a789260209c-104179721-00000000.krc|3883|2023-08-03 14:26:44|FILE
D:\Kugou\Lyric\粉色海洋-011910288223f1b26cc8964ab4383f03-191997484-00000000.krc|3320|2024-05-09 16:13:37|FILE
D:\Kugou\Lyric\说谎-6542fdd86bda355cad847f9fbb960f41-136760190-00000000.krc|2333|2023-11-28 16:17:58|FILE
D:\Kugou\Lyric\大田后生仔-57889b144f1e3beccb57b81709c72094-43975759-00000000.krc|2701|2024-11-26 22:26:58|FILE
D:\Kugou\Lyric\我不再拒绝吹来的风-19782eec3942132c9787ad114a767f80-57908163-00000000.krc|2630|2025-06-03 18:40:38|FILE
D:\Kugou\Lyric\Avicii - Waiting For Love-f467a8d18fb7bc345054b0b18550c7b2-86743552-00000000.krc|3105|2023-06-18 17:25:51|FILE
D:\Kugou\Lyric\牛奶咖啡 - 明天，你好-63c4099a1cc1f94f86b51b9e99e0abf0-52571476-00000000.krc|2233|2023-05-30 17:42:36|FILE
D:\Kugou\Lyric\郭顶 - 水星记-a72fd1726c82710619cd91789f81071b-88808568-00000000.krc|2785|2023-05-30 17:12:28|FILE
D:\Kugou\Lyric\任夏 - 爱的惩罚-541f7572ee53e567ab33a60e73a7e5ed-134972215-00000000.krc|2765|2023-07-04 12:54:30|FILE
D:\Kugou\Lyric\Magic DJ - Sweet Pot of Love-983f369cdcbb6a06cc85d9f3cf8a6e05-210600670-00000000.krc|2773|2024-10-21 08:24:45|FILE
D:\Kugou\Lyric\曾经你说-a214d2815599c474135e5a789260209c-163301536-00000000.krc|3549|2024-01-10 18:06:20|FILE
D:\Kugou\Lyric\金莎 - 爱的魔法-8a3c81b9b270195a23f229857f58104e-113211062-00000000.krc|3438|2023-05-30 17:42:47|FILE
D:\Kugou\Lyric\任夏 - 爱的惩罚-541f7572ee53e567ab33a60e73a7e5ed-142439797-00000000.krc|3160|2023-07-30 18:46:28|FILE
D:\Kugou\Lyric\牵丝戏-917dee6d5d22068539c8d792dfd1bc2d-142966417-00000000.krc|2801|2024-06-03 10:45:37|FILE
D:\Kugou\Lyric\bibi-5b677c176fd63cca242d76368750eb50-132239974-00000000.krc|6995|2023-07-04 12:29:17|FILE
D:\Kugou\Lyric\大田后生仔.lrc|2130|2024-04-04 22:19:34|FILE
D:\Kugou\Lyric\莫艳琳 - 爱一点-00b5e6bc2956b8436f732c0dad42d109-115410728-00000000.krc|2447|2023-05-02 19:39:22|FILE
D:\Kugou\Lyric\牵丝戏-917dee6d5d22068539c8d792dfd1bc2d-220832794-00000000.krc|2969|2025-05-30 15:15:44|FILE
D:\Kugou\Lyric\说谎-6542fdd86bda355cad847f9fbb960f41-169930076-00000000.krc|2309|2024-07-22 22:19:39|FILE
D:\Kugou\Lyric\我不再拒绝吹来的风.lrc|1964|2024-12-04 16:10:00|FILE
D:\Kugou\Lyric\大笨钟-6c4df56a6fd9c7baa1c52594e21ebf3d-111211295-FFFFFEBB.krc|3167|2025-01-10 21:11:05|FILE
D:\Kugou\Lyric\告白气球-688857974673645ce89eda26a36db19d-191997015-0000005B.krc|2827|2025-06-01 00:02:29|FILE
D:\Kugou\Lyric\张靓颖 - 如果这就是爱情-ec4d0416046531660af0ba524dcb1739-202361583-00000000.krc|2922|2024-07-22 21:05:05|FILE
D:\Kugou\Lyric\牵丝戏-917dee6d5d22068539c8d792dfd1bc2d-34034522-00000000.krc|2737|2023-07-04 11:26:49|FILE
D:\Kugou\Lyric\bibi-5b677c176fd63cca242d76368750eb50-147362614-00000000.krc|6995|2024-03-02 17:56:45|FILE
D:\Kugou\Lyric\大笨钟-6c4df56a6fd9c7baa1c52594e21ebf3d-164558589-00000000.krc|2955|2025-06-03 18:33:02|FILE
D:\Kugou\Lyric\我不配-00cbe76ae7676d5d2a3d832d202c8ffd-142987950-00000000.krc|4207|2025-05-31 22:02:00|FILE
D:\Kugou\Lyric\周杰伦 - 一点点-4fd20b97e8d7e0909b847e87f77bb509-142913837-00000000.krc|2189|2025-06-05 21:50:26|FILE
D:\Kugou\Lyric\佐々木恵梨 - Ring of Fortune-56952940ac5a9aa5a77ab5611b0d5c41-139551552-00000000.krc|7096|2024-08-06 13:12:51|FILE
D:\Kugou\Lyric\金莎 - 爱的魔法-ad0b0a4adb1d4e67c865c912b6a8e7ff-107209925-00000000.krc|3212|2023-05-10 21:31:52|FILE
D:\Kugou\Lyric\牵丝戏.lrc|1695|2024-04-04 22:05:53|FILE
D:\Kugou\Lyric\大笨钟.lrc|2161|2024-12-04 16:09:39|FILE
D:\Kugou\Lyric\bibi-5b677c176fd63cca242d76368750eb50-186443778-00000000.krc|7002|2024-06-03 10:41:37|FILE
D:\Kugou\Lyric\周杰伦 - 一路向北-70de0daf4db31cbb56b82d1821b16f86-138417358-00000000.krc|2562|2024-06-04 08:57:07|FILE
D:\Kugou\Lyric\玉树不临风 - 春到湘江-3e0a115e7472a6eb32b4f81dd1b3d93e-59728934-00000000.krc|822|2023-07-18 17:56:25|FILE
D:\Kugou\Lyric\我不配.lrc|2615|2024-04-21 18:57:40|FILE
D:\Kugou\Lyric\你不是一个人-76bdb16adbfed354f9da4d707025e502-110975168-00000000.krc|4152|2024-03-30 10:16:17|FILE
D:\Kugou\Lyric\bibi-5b677c176fd63cca242d76368750eb50-212365318-00000000.krc|7023|2025-05-27 17:39:52|FILE
D:\Kugou\Lyric\天台的月光-589c6b4f8c8d33635f4727574a37204d-165892127-00000000.krc|1541|2025-06-05 21:34:04|FILE
D:\Kugou\Lyric\周杰伦 - 不能说的秘密-edfc5dd1ac3d58971ab95b3e2700d015-164276605-00000000.krc|2956|2025-06-03 19:31:09|FILE
D:\Kugou\Lyric\我乐意-许嵩-a9033c013e75e96c462fb254fea9fb3d-32341272-00000000.krc|4089|2025-06-05 19:19:06|FILE
D:\Kugou\Lyric\王力宏、章子怡 - 爱一点-0895285d5dfaedb6c20fc04db1240c9d-113983141-00000033.krc|2578|2023-05-02 19:39:03|FILE
D:\Kugou\Lyric\你不是一个人-76bdb16adbfed354f9da4d707025e502-191974405-00000000.krc|4151|2024-06-04 08:48:14|FILE
D:\Kugou\Lyric\Xu皓翔 - 不重逢-fe40cbe2c30d69fde9d4d61cfcec2292-233738991-00000000.krc|2343|2025-05-30 15:41:53|FILE
D:\Kugou\Lyric\粉色海洋-011910288223f1b26cc8964ab4383f03-201975760-00000000.krc|3774|2025-06-03 18:51:05|FILE
D:\Kugou\Lyric\我怀念的-1a3caacb1e361daf217a2383e9c8e292-167192003-00000000.krc|4028|2025-06-05 20:48:42|FILE
D:\Kugou\Lyric\天外来物-103d25cca9c8644d7e4103bbbe5ab6ef-166935958-00000000.krc|3183|2024-04-04 22:13:03|FILE
D:\Kugou\Lyric\曾经你说-a214d2815599c474135e5a789260209c-175308783-00000000.krc|3579|2025-06-03 17:06:02|FILE
D:\Kugou\Lyric\BLACKPINK - DON'T KNOW WHAT TO DO-014ed0db0dcfb9e88091b8c34d492c62-133222459-00000000.krc|4652|2023-06-03 09:28:49|FILE
D:\Kugou\Lyric\金贵晟 - 虹之间-c8f281458a3eb44c38553649da9cfb2e-48387461-00000000.krc|2033|2024-07-22 20:50:39|FILE
D:\Kugou\Lyric\周杰伦 - 你比从前快乐 (Live)-5947725b15edcd2905c63c410a8b6b6f-163939600-00000000.krc|2009|2025-06-05 20:51:54|FILE
D:\Kugou\Lyric\王北车 - 陷阱-2fa2217b2f80dfe16f0421e1ef42aeb3-53050777-00000000.krc|2985|2023-02-25 12:16:42|FILE
D:\Kugou\Lyric\你不是一个人-76bdb16adbfed354f9da4d707025e502-205968546-00000000.krc|3597|2025-06-05 20:23:54|FILE
D:\Kugou\Lyric\我怀念的.lrc|2638|2024-12-04 16:53:20|FILE
D:\Kugou\Lyric\BLACKPINK - Tally-9490d633d01b968f152e9bd8068ea307-112543527-00000000.krc|5038|2023-06-03 09:28:48|FILE
D:\Kugou\Lyric\天外来物-103d25cca9c8644d7e4103bbbe5ab6ef-52984025-00000000.krc|3122|2025-06-01 20:43:33|FILE
D:\Kugou\Lyric\周杰伦 - 分裂-b18c28d529c8850e5dfab4a37ba9e651-167383580-00000000.krc|2640|2025-06-01 20:21:31|FILE
D:\Kugou\Lyric\王蓉 - 爸爸妈妈-4940d2d83154eacb641c6c80de000591-107512005-00000000.krc|3473|2023-03-20 21:40:54|FILE
D:\Kugou\Lyric\张齐山 - 夏夜最后的烟火-4e0e14a1902a0fee88dd33dcd36a812d-230454246-00000000.krc|2904|2024-10-21 08:24:45|FILE
D:\Kugou\Lyric\周杰伦 - 反方向的钟-a6049aab184a305caa906c6bbb8e8233-136668592-00000000.krc|3825|2024-09-18 21:47:43|FILE
D:\Kugou\Lyric\粉色海洋.lrc|2356|2024-12-04 15:56:21|FILE
D:\Kugou\Lyric\YOASOBI - たぶん-706e9964ecfdce4dbc295cb5b0716d20-194842860-00000000.krc|7671|2024-10-20 21:20:38|FILE
D:\Kugou\Lyric\周杰伦 - 爱在西元前-66b756fb1331807b032ef97f7ba9948e-136669763-00000000.krc|3648|2024-11-01 12:59:19|FILE
D:\Kugou\Lyric\王靖雯 - 不知所措-6ee9b1b7593522ad519054b919612993-62982688-00000000.krc|3042|2023-04-19 23:25:04|FILE
D:\Kugou\Lyric\天外来物.lrc|2011|2024-12-04 16:52:49|FILE
D:\Kugou\Lyric\金贵晟 - 虹之间-c8f281458a3eb44c38553649da9cfb2e-48387461-FFFFFF97.krc|2038|2024-03-02 13:21:47|FILE
D:\Kugou\Lyric\周杰伦 - 可爱女人-9197d310c02aeedcead21c55ec56fa03-136844537-00000000.krc|3575|2025-05-30 15:35:35|FILE
D:\Kugou\Lyric\说谎-6542fdd86bda355cad847f9fbb960f41-38651185-FFFFFFF1.krc|2711|2025-05-31 20:45:17|FILE
D:\Kugou\Lyric\糖丫丫 - 大田后生仔-f4ab648ece07f384440b7bd07571256a-19525553-00000000.krc|284|2023-03-04 21:14:12|FILE
D:\Kugou\Lyric\我想给你的-fa5edcb9f8ca1430c095d6cec20e96a7-89756744-00000000.krc|2915|2025-06-05 19:45:43|FILE
D:\Kugou\Lyric\周杰伦 - 爱情废柴-5663e05df2caf8b65931048a05bae8ab-173970796-00000031.krc|2821|2025-06-03 19:17:43|FILE
D:\Kugou\Lyric\说谎.lrc|1521|2024-12-04 16:12:24|FILE
D:\Kugou\Lyric\玖奈捏ღ - 宵宫 (Remix)-b1f75f726c550b2ad90819759d278e68-158432977-00000000.krc|2037|2024-05-31 09:10:10|FILE
D:\Kugou\Lyric\曾经你说.lrc|2732|2024-04-04 22:19:16|FILE
D:\Kugou\Lyric\blueming-91acbb4b81d7ccf9719da8419219aada-113820482-00000000.krc|6334|2024-12-04 16:50:42|FILE
D:\Kugou\Lyric\你不是一个人.lrc|2536|2024-04-04 22:20:06|FILE
D:\Kugou\Lyric\贺一航 - 请先说你好-b74e658ecf1587fbe4d39c23d671e593-35297153-00000000.krc|3521|2023-02-25 12:16:42|FILE
D:\Kugou\Lyric\我想给你的.lrc|1865|2024-12-04 15:56:08|FILE
D:\Kugou\Lyric\她的睫毛-4ea47348d8eac6d141d9f1d73ead2f98-194357022-00000000.krc|3981|2025-06-05 19:58:58|FILE
D:\Kugou\Lyric\最伟大的作品-510eb8c042d36f87c3bdefd39e08856a-209383120-00000000.krc|4579|2025-05-31 10:23:24|FILE
D:\Kugou\Lyric\_毛毛酱_ - 神女劈观-94b057289cadf7b17b8f250fc4956bd6-116516560-00000000.krc|1789|2023-10-30 21:28:06|FILE
D:\Kugou\Lyric\你听得到-af3126369e0625d9fb647b00179dd6f9-50646569-00000000.krc|2917|2025-06-05 19:27:23|FILE
D:\Kugou\Lyric\好久不见-380a9d38fb74fa32ab6492ed6a744bb2-136851070-0000009A.krc|3631|2025-06-07 22:04:52|FILE
D:\Kugou\Lyric\周杰伦 - 爱情悬崖-3d069092b3a262dcfa9ed489d22f9296-191315339-00000000.krc|3061|2025-05-28 18:18:22|FILE
D:\Kugou\Lyric\blueming-91acbb4b81d7ccf9719da8419219aada-182660556-00000000.krc|5262|2024-05-27 15:32:33|FILE
D:\Kugou\Lyric\彩虹-d36963795e7d5226b308a7641c62a94e-139740809-00000000.krc|3291|2025-05-31 22:28:23|FILE
D:\Kugou\Lyric\红色高跟鞋-9910ca779a1e370a347ad1e1c1935a7f-163399234-00000000.krc|1889|2024-05-25 23:21:01|FILE
D:\Kugou\Lyric\我是如此相信-d61a0492d0e0ed459921225d426bedd3-108664687-00000000.krc|3600|2024-01-17 16:18:58|FILE
D:\Kugou\Lyric\珊瑚海-778925c7aa4f46e165672d76e1566ec7-171944039-00000000.krc|3357|2025-06-03 17:10:18|FILE
D:\Kugou\Lyric\ヨルシカ - 嘘月-886dfbdc2c4373542e55a326b1b48886-50654621-00000000.krc|5915|2023-06-03 09:28:49|FILE
D:\Kugou\Lyric\blueming-91acbb4b81d7ccf9719da8419219aada-219310748-00000000.krc|5214|2025-06-01 19:50:37|FILE
D:\Kugou\Lyric\最伟大的作品.lrc|2956|2024-12-04 16:10:08|FILE
D:\Kugou\Lyric\你听得到.lrc|1834|2024-06-24 11:29:30|FILE
D:\Kugou\Lyric\我是如此相信-d61a0492d0e0ed459921225d426bedd3-176603327-00000000.krc|3310|2024-09-17 21:28:33|FILE
D:\Kugou\Lyric\如果当时-6843a483cf60097cd43c7c259b2c9c00-52399320-00000000.krc|2751|2025-05-31 22:01:58|FILE
D:\Kugou\Lyric\莫艳琳 - 爱一点-767daf9f8e58714b5edb2c37333b659b-26072086-FFFFFFF2.krc|2763|2023-05-09 10:24:34|FILE
D:\Kugou\Lyric\瓦解-00c8217d605ba9dcf906244ccd6230e9-133760187-00000000.krc|2295|2025-06-03 19:34:47|FILE
D:\Kugou\Lyric\彩虹-d36963795e7d5226b308a7641c62a94e-50831524-00000000.krc|3117|2025-01-28 09:37:46|FILE
D:\Kugou\Lyric\周杰伦 - 甜甜的-2165db629e5bd835f1b71ddae9fca4ed-113745452-00000000.krc|3525|2024-11-02 16:25:04|FILE
D:\Kugou\Lyric\Bo Peep、菠萝赛东 - 如果-45134d2420d8fe3462ab58cca355daf3-51672274-00000000.krc|5159|2024-05-30 21:06:11|FILE
D:\Kugou\Lyric\红色高跟鞋-9910ca779a1e370a347ad1e1c1935a7f-23893736-0000001B.krc|1763|2025-05-28 09:45:39|FILE
D:\Kugou\Lyric\一只球 - I Wanted You-d2b5a92f1e449de315a02b91318237f5-217272294-00000000.krc|4642|2024-10-20 21:20:37|FILE
D:\Kugou\Lyric\最长的电影-2f6d441163a92aee5e52b8e94f36a3c7-124782764-00000000.krc|2467|2024-12-07 20:05:07|FILE
D:\Kugou\Lyric\彩虹.lrc|1963|2024-12-04 16:09:51|FILE
D:\Kugou\Lyric\你好吗-67082ff88d7f6e184d62ee5f78dc913a-49306438-0000008F.krc|2173|2025-05-30 17:15:13|FILE
D:\Kugou\Lyric\如果当时.lrc|1999|2024-04-21 18:57:33|FILE
D:\Kugou\Lyric\瓦解-00c8217d605ba9dcf906244ccd6230e9-165925397-00000000.krc|2372|2025-01-29 11:33:02|FILE
D:\Kugou\Lyric\周杰伦 - 甜甜的-82ede88ebaa21db5b288e6290ac64c71-139750945-00000000.krc|3840|2024-07-02 15:17:22|FILE
D:\Kugou\Lyric\红色高跟鞋.lrc|1191|2024-04-04 22:05:51|FILE
D:\Kugou\Lyric\我是如此相信-d61a0492d0e0ed459921225d426bedd3-223563184-00000000.krc|3329|2025-01-21 16:23:28|FILE
D:\Kugou\Lyric\Bo Peep、菠萝赛东 - 如果-dd883dd4b14cfbf97e2715677cd6899a-51672274-FFFFFFE7.krc|5163|2023-04-08 10:41:25|FILE
D:\Kugou\Lyric\落空-007e39455b6ee02bb2e99dd3e143ef5f-142930117-00000000.krc|2836|2025-06-07 21:43:19|FILE
D:\Kugou\Lyric\你好吗.lrc|1196|2024-12-04 16:51:40|FILE
D:\Kugou\Lyric\一只白羊 - 等不到的你-708676d389df2e0d7682e9834ed3226c-134795242-00000000.krc|3569|2023-06-19 21:31:39|FILE
D:\Kugou\Lyric\田馥甄 - 小幸运-0dd8c2cf101618313231370c5c0bf563-187319999-00000000.krc|3362|2024-10-20 21:20:38|FILE
D:\Kugou\Lyric\最长的电影-2f6d441163a92aee5e52b8e94f36a3c7-138418098-00000000.krc|2690|2025-05-30 16:33:38|FILE
D:\Kugou\Lyric\罗小黑 - 亲爱的旅人啊-f514fc2e6edf2f2859dcb6c1c4386c13-38912417-00000000.krc|3358|2023-08-25 17:37:37|FILE
D:\Kugou\Lyric\我是如此相信-d61a0492d0e0ed459921225d426bedd3-313535001-00000000.krc|3378|2025-02-16 10:06:30|FILE
D:\Kugou\Lyric\葛东琪 - 悬溺-666484e904a54b1e62c9fbfdbe6e2563-103084163-00000000.krc|1952|2023-07-30 18:49:12|FILE
D:\Kugou\Lyric\你怎么连话都说不清楚-63927c2c530ad371bc33dffa88d0aa38-79357155-00000000.krc|2684|2025-05-30 15:11:44|FILE
D:\Kugou\Lyric\徐佳莹 - 一样的月光-0ca3ed09d02a3529fb60433480c2a3b5-54245923-00000000.krc|3144|2023-03-04 20:12:42|FILE
D:\Kugou\Lyric\一样的月光-2133ef0b9e1caa021ba91aa8e1ad2ae5-166187407-00000000.krc|3156|2025-05-28 11:38:36|FILE
D:\Kugou\Lyric\周杰伦 - 白色风车-99616aa2a32ab8f9519594f39ae3a9c8-197881579-00000000.krc|3132|2025-06-07 22:00:39|FILE
D:\Kugou\Lyric\田馥甄 - 小幸运-d563d4e6b09bc0e97db1552138c2b6cb-111972225-FFFFF4DD.krc|3203|2023-05-30 17:33:04|FILE
D:\Kugou\Lyric\我是如此相信-d61a0492d0e0ed459921225d426bedd3-321811739-00000000.krc|3308|2025-06-05 19:23:33|FILE
D:\Kugou\Lyric\你总要学会往前走-f44fc0f04b35b8a039d2c64d42e2dddf-188494267-00000000.krc|2803|2025-06-05 21:37:11|FILE
D:\Kugou\Lyric\罗震环 - 靠近-8d5a652d831c88eaed0bb3fcbfef9a00-168377355-00000000.krc|2782|2024-10-20 21:20:38|FILE
D:\Kugou\Lyric\蒲公英的约定-f26863f25c3fa2847d2398c26e78db67-139712999-00000000.krc|2031|2025-05-31 22:32:28|FILE
D:\Kugou\Lyric\徐佳莹 - 到此为止-398db186967fd8504c8e7e5fe1840b3e-59758249-00000000.krc|2529|2025-05-31 21:14:30|FILE
D:\Kugou\Lyric\一样的月光-2133ef0b9e1caa021ba91aa8e1ad2ae5-195799275-00000000.krc|2729|2024-07-22 21:26:18|FILE
D:\Kugou\Lyric\周杰伦 - 给我一首歌的时间-ead10dc931a1102a10fdcd3665010322-164172479-00000000.krc|4869|2025-05-31 23:54:24|FILE
D:\Kugou\Lyric\画情泸灞-64e236b1c8156ba31462820dc19f3375-167119845-00000000.krc|3011|2024-04-04 22:12:55|FILE
D:\Kugou\Lyric\我是如此相信.lrc|2305|2024-04-04 22:19:29|FILE
D:\Kugou\Lyric\你若成风-089119100dbb9b12265aff7ed412b5ca-188583005-00000000.krc|2852|2025-05-28 16:04:14|FILE
D:\Kugou\Lyric\徐良、小凌 - 客官不可以-b5486ccbaf6a94bae6dc1475fce094da-108421279-00000000.krc|3317|2023-02-25 12:16:42|FILE
D:\Kugou\Lyric\美人鱼-4a9ebb33df7616277a2b0d9dc93f49a8-165331584-00000000.krc|3220|2025-05-31 21:34:56|FILE
D:\Kugou\Lyric\蒲公英的约定-f26863f25c3fa2847d2398c26e78db67-51549284-00000000.krc|2064|2023-10-09 21:58:54|FILE
D:\Kugou\Lyric\一样的月光-2133ef0b9e1caa021ba91aa8e1ad2ae5-44466544-00000000.krc|2946|2024-04-26 00:20:21|FILE
D:\Kugou\Lyric\最长的电影.lrc|1704|2024-04-04 22:20:14|FILE
D:\Kugou\Lyric\周杰伦 - 轨迹-e2fcb8d3a0bcda595d2a71239a54888f-165791316-00000000.krc|3063|2025-06-07 21:39:25|FILE
D:\Kugou\Lyric\我是小力气 - My Cookie Can-37852efc95c28e3e97865346981a07a1-52496413-00000000.krc|3127|2023-06-03 09:28:48|FILE
D:\Kugou\Lyric\你若成风.lrc|2117|2024-04-21 18:57:35|FILE
D:\Kugou\Lyric\画情泸灞-64e236b1c8156ba31462820dc19f3375-44451467-0000001B.krc|2830|2025-05-27 15:54:34|FILE
D:\Kugou\Lyric\月亮 - 大田后生仔闽南语 (cover：阿一美)-dd23f903bf6af72d6b7cab03638f620d-122546048-00000000.krc|2677|2023-04-19 23:25:22|FILE
D:\Kugou\Lyric\蒲公英的约定.lrc|1203|2024-04-04 22:05:55|FILE
D:\Kugou\Lyric\群青-14ca89af03747467cfc5bef8a94db5db-121836685-00000000.krc|7277|2024-01-25 16:24:32|FILE
D:\Kugou\Lyric\你落泪我情绪零碎-993f254339b7ac679db78c19dddfc3a0-52759939-0000000A.krc|2895|2025-06-05 21:00:31|FILE
D:\Kugou\Lyric\一样的月光-2133ef0b9e1caa021ba91aa8e1ad2ae5-52473058-00000000.krc|2916|2023-10-14 16:54:18|FILE
D:\Kugou\Lyric\心雨-0f8938c8132d76836b6b569313d847e9-53693806-0000000C.krc|2907|2025-05-26 21:50:12|FILE
D:\Kugou\Lyric\周杰伦 - 退后-5971de0b235d5b2708d6a6feb3d31b6f-103623730-00000000.krc|2633|2025-05-28 11:01:23|FILE
D:\Kugou\Lyric\當山みれい - 願い〜あの頃のキミへ〜 (祈愿～致那个时候的你～)-b2b6ba318c0ee0a20944b5eb6fa4daba-164246591-00000000.krc|10299|2025-06-03 17:49:41|FILE
D:\Kugou\Lyric\有何不可-a8d086bd921ffa55cc4f1bc6d3fad466-33316347-00000031.krc|3757|2025-05-26 21:59:30|FILE
D:\Kugou\Lyric\我的名字-27e8859fd561c5cb64b3f222296c9052-147820988-00000000.krc|3885|2025-05-31 20:30:21|FILE
D:\Kugou\Lyric\蔡依林 - 倒带-446507d2332bc3f263596363a97c6e95-171113264-00000000.krc|2925|2024-05-22 12:00:26|FILE
D:\Kugou\Lyric\我的秘密-8c9c67b0a393104f6f9c003330b1a6eb-174735637-FFFFFF89.krc|3402|2025-06-03 19:26:12|FILE
D:\Kugou\Lyric\有何不可.lrc|2710|2024-04-04 22:20:03|FILE
D:\Kugou\Lyric\你还要我怎样-0da605e4931d2861be080f433d329738-138433519-00000000.krc|3240|2024-03-21 17:14:33|FILE
D:\Kugou\Lyric\周杰伦 - 青花瓷-d89efc4f198c5e5bac6ed455ee4abd0c-41413469-00000000.krc|3090|2023-05-12 20:46:34|FILE
D:\Kugou\Lyric\忽而今夏-ee4c3d7361fa63aad520cffc509584ab-166979622-00000000.krc|3474|2025-05-23 19:43:22|FILE
D:\Kugou\Lyric\一样的月光.lrc|1843|2024-04-04 22:06:04|FILE
D:\Kugou\Lyric\周杰伦 - 黑色毛衣-f0c226f11e47a7fdc8d9512624ac6f1e-136841116-00000000.krc|2945|2025-06-05 19:15:03|FILE
D:\Kugou\Lyric\蔡健雅 - 红色高跟鞋-8ed3bf7377396d20c0963ca161e38987-114914706-00000000.krc|1959|2023-06-19 21:36:49|FILE
D:\Kugou\Lyric\一路向北-c785876c496b17e8ae37664a3e8ccb44-137057419-000005C8.krc|2602|2025-06-01 00:47:35|FILE
D:\Kugou\Lyric\我的秘密-8c9c67b0a393104f6f9c003330b1a6eb-191976820-00000000.krc|3858|2025-01-11 09:29:58|FILE
D:\Kugou\Lyric\未知歌手 - 明天会更刑-841b414d1ac5a03e011eaaa81d75b455-109132377-0000000C.krc|1722|2023-05-30 17:52:59|FILE
D:\Kugou\Lyric\惊鸿一面-许嵩.黄龄-6475313f3f615d8e973017d0bf77febf-139779229-0000001B.krc|3926|2025-05-31 11:49:31|FILE
D:\Kugou\Lyric\你还要我怎样-0da605e4931d2861be080f433d329738-192711094-00000000.krc|2903|2025-06-05 20:11:23|FILE
D:\Kugou\Lyric\薛之谦 - 其实-2a8911ead4838bf967cf5a300d787e53-142961834-00000000.krc|2231|2025-06-01 23:46:26|FILE
D:\Kugou\Lyric\周杰伦、张惠妹 - 不该-fcf336e81da45a8e696032ffc1708175-142920207-00000000.krc|4034|2024-10-20 21:20:37|FILE
D:\Kugou\Lyric\意外-b00e0b576a40f81680996767b8333c74-52375476-00000000.krc|2721|2025-06-03 17:15:05|FILE
D:\Kugou\Lyric\未闻花名-02a00cb5f4e6d7bd6569856acf36fd97-205739381-00000000.krc|8477|2024-08-18 00:15:57|FILE
D:\Kugou\Lyric\戴羽彤、承桓 - 在加纳共和国离婚-fe1c53f9ffd158935fdfa360b2372843-208416769-00000000.krc|3122|2024-10-21 08:24:46|FILE
D:\Kugou\Lyric\一路向北-c785876c496b17e8ae37664a3e8ccb44-53244049-000005C8.krc|2562|2023-12-18 09:10:58|FILE
D:\Kugou\Lyric\意外.lrc|1693|2024-04-04 22:20:30|FILE
D:\Kugou\Lyric\薛之谦 - 刚刚好-956eec514146039e6d6a16b30dd64a7b-142944256-00000000.krc|2967|2025-05-31 22:53:16|FILE
D:\Kugou\Lyric\未闻花名-02a00cb5f4e6d7bd6569856acf36fd97-212363715-00000000.krc|8783|2024-11-07 19:04:26|FILE
D:\Kugou\Lyric\薛之谦 - 天后 (Live)-cd540006c40c08b1d0df31b30ec5b93b-58177713-00000000.krc|3092|2024-07-22 21:46:27|FILE
D:\Kugou\Lyric\一路向北.lrc|1583|2024-04-04 22:06:01|FILE
D:\Kugou\Lyric\手写的从前-c1992bbf6fb5bb2bb86decf657509fd3-52692757-00000000.krc|4686|2025-05-28 10:18:30|FILE
D:\Kugou\Lyric\周深 - 不再流浪-9e46b1909e6f454f7d2969a3f5bf44fd-40494247-00000000.krc|2469|2023-08-25 17:39:55|FILE
D:\Kugou\Lyric\七里香-c1920b9c0f619dbf45ebfefecd8319f6-139713786-00000000.krc|3304|2024-07-08 19:03:49|FILE
D:\Kugou\Lyric\感谢你曾来过-010efe9ac2759d0d551d6c176074f87f-103993646-00000000.krc|4600|2025-05-28 11:42:47|FILE
D:\Kugou\Lyric\薛之谦 - 小孩-8c8ca7b3959862156c34b4c1efe99a42-150384047-00000000.krc|2936|2025-02-14 13:44:47|FILE
D:\Kugou\Lyric\未闻花名-02a00cb5f4e6d7bd6569856acf36fd97-220863144-00000000.krc|8828|2024-11-06 22:30:10|FILE
D:\Kugou\Lyric\七里香-c1920b9c0f619dbf45ebfefecd8319f6-33442086-00000000.krc|3264|2025-05-31 10:10:59|FILE
D:\Kugou\Lyric\周深 - 小美满-04a21db1ab3c8e0d1d8f51f11bdb03a1-178163147-00000000.krc|4363|2024-06-04 08:42:11|FILE
D:\Kugou\Lyric\承桓 - 我会等-e2c910c96ce2bf6aeeb97eb7e77c8932-125169090-00000000.krc|4176|2023-06-19 21:32:19|FILE
D:\Kugou\Lyric\薛之谦 - 崇拜-1fd8a9b43d531d7595d672623bc8ccb0-134768340-00000000.krc|4068|2023-06-19 21:32:49|FILE
D:\Kugou\Lyric\七里香-c1920b9c0f619dbf45ebfefecd8319f6-59614643-0000075C.krc|3147|2025-01-14 15:48:15|FILE
D:\Kugou\Lyric\抹茶茶子cha - 致 女 皇-229c0c5c2ee34c036468e622e4161621-116305788-00000000.krc|3520|2023-08-24 15:05:36|FILE
D:\Kugou\Lyric\薛之谦 - 方圆几里-e76de3be292704bf8b4151734a28ca39-136852005-00000033.krc|2404|2025-05-31 23:50:11|FILE
D:\Kugou\Lyric\周笔畅、杨千嬅、单依纯 - 高山低谷-5cd6898c43ba1a169da8bc700a162153-95532765-00000000.krc|8032|2024-10-21 08:24:46|FILE
D:\Kugou\Lyric\薛之谦 - 演员-097e777171f692855eae98b6965f9477-142928895-00000000.krc|3983|2025-05-31 22:06:23|FILE
D:\Kugou\Lyric\七里香.lrc|1826|2024-04-04 22:05:41|FILE
D:\Kugou\Lyric\指尖笑 - 不问ciaga-c222e76433f1e553001ae2fbeed1f0c3-132984223-00000000.krc|2780|2023-07-30 18:49:40|FILE
D:\Kugou\Lyric\下雨天-153dff7c53dcd6d4c519c3dc807e85d5-174253203-00000000.krc|2855|2025-05-27 18:01:28|FILE
D:\Kugou\Lyric\薛之谦 - 绅士-d6caca3903cd758d2b4208bf3e4e50ee-191999480-00000000.krc|3405|2025-05-31 10:42:30|FILE
D:\Kugou\Lyric\搁浅-82b13c6514bb2b58fc30fd81aa04e48d-139715269-00000000.krc|2840|2025-06-07 23:12:10|FILE
D:\Kugou\Lyric\品冠、梁静茹 - 明明很爱你-ed2e1771f6bcf8817d2b5d08be83996b-135670816-00000028.krc|3360|2024-05-20 16:25:20|FILE
D:\Kugou\Lyric\不是花火呀 - 陨落-3916d9819d3d5769768ce5ef33c880a1-96229407-00000000.krc|3450|2023-05-20 16:58:10|FILE
D:\Kugou\Lyric\薛之谦 - 认真的雪-d2e00cc158db4da18927ac3b01cc371b-172035618-00000000.krc|3265|2025-05-22 22:36:10|FILE
D:\Kugou\Lyric\唐千云 - 别离开我-3bf4d98d40251d5e2d43a0dd20e6c582-48910824-00000000.krc|1838|2023-06-03 09:28:49|FILE
D:\Kugou\Lyric\搁浅-82b13c6514bb2b58fc30fd81aa04e48d-50498355-00000000.krc|2623|2024-04-04 22:05:23|FILE
D:\Kugou\Lyric\不该-a4c4cd6ebb32737cfc83b4f110dd923a-108286819-00000000.krc|3799|2025-05-26 21:41:06|FILE
D:\Kugou\Lyric\薛之谦 - 让我欢喜让我忧 (Live)-60ea89a9d0e2e33779127ea2b2e7d51a-162858827-00000000.krc|3341|2023-07-30 18:48:44|FILE
D:\Kugou\Lyric\摆脱-a3a84367d28fcc0c83e16e327b22143d-141642377-00000000.krc|3054|2025-05-31 22:19:11|FILE
D:\Kugou\Lyric\不该-a4c4cd6ebb32737cfc83b4f110dd923a-196598699-00000000.krc|3100|2024-08-23 09:19:18|FILE
D:\Kugou\Lyric\薛之谦 - 钗头凤-73febe163d4740493ca81af72f21e8d8-165209895-00000000.krc|2634|2024-05-02 17:03:36|FILE
D:\Kugou\Lyric\喜欢唱歌的小白 - 宵宫-1f6ac4ce38ba54fa0ee0001f04e23310-14336409-00000000.krc|286|2024-10-31 11:20:57|FILE
D:\Kugou\Lyric\藤柒吖 - WuWu.-6f78e07091f9c5eba94a9b46ad567f3a-52618375-00000000.krc|3430|2023-06-03 09:28:49|FILE
D:\Kugou\Lyric\喵酱油、花玲、爆裂菊是也 - 如果突然想起我-3baaf5df96deffe20f86b641de67733e-124367964-00000000.krc|3855|2024-03-18 12:39:08|FILE
D:\Kugou\Lyric\摆脱.lrc|2000|2024-04-04 22:20:18|FILE
D:\Kugou\Lyric\不该.lrc|2758|2024-12-04 16:51:27|FILE
D:\Kugou\Lyric\喵酱油、花玲、爆裂菊是也 - 如果突然想起我-3baaf5df96deffe20f86b641de67733e-191999317-00000000.krc|3856|2024-06-02 17:35:33|FILE
D:\Kugou\Lyric\断桥残雪-2f1e6d43f003b5fd2d62968f39a69abe-160224024-00000000.krc|2286|2025-06-05 22:03:03|FILE
D:\Kugou\Lyric\虹之间-f91ef94c14e95235e9bf44defb2def6a-191997239-00000000.krc|1915|2025-06-05 20:19:29|FILE
D:\Kugou\Lyric\世界未末日-6475ae862ed455c9f0b484bcaa28c835-212046986-000000AA.krc|2392|2025-05-28 18:31:00|FILE
D:\Kugou\Lyric\断桥残雪-2f1e6d43f003b5fd2d62968f39a69abe-166204862-00000000.krc|2330|2024-10-06 23:31:59|FILE
D:\Kugou\Lyric\世界末日-e99188a7c702050cc8fcd6c66a1bb19c-109303147-00000009.krc|2358|2025-06-05 18:36:28|FILE
D:\Kugou\Lyric\蜗牛-45d317c4f6fde66164ff26d823f1e6c3-19525574-00000000.krc|283|2025-06-05 18:40:05|FILE
D:\Kugou\Lyric\断桥残雪.lrc|1319|2024-12-04 16:53:36|FILE
D:\Kugou\Lyric\嘉宾-789e3885987fb83e2ce9389ba1e19355-164475650-00000000.krc|4451|2024-04-04 22:20:10|FILE
D:\Kugou\Lyric\世界末日-e99188a7c702050cc8fcd6c66a1bb19c-136845431-00000000.krc|2812|2025-01-14 10:25:32|FILE
D:\Kugou\Lyric\嘉宾-789e3885987fb83e2ce9389ba1e19355-56857247-00000000.krc|4930|2025-05-30 15:41:08|FILE
D:\Kugou\Lyric\世界末日.lrc|1591|2024-04-21 18:57:26|FILE
D:\Kugou\Lyric\嘉宾.lrc|3068|2024-04-04 22:20:11|FILE
D:\Kugou\Lyric\东风破-29cab2d6473d4a6096e35f4450a6a59f-41905544-00000000.krc|2853|2025-06-05 21:10:37|FILE
D:\Kugou\Lyric\乌鸡哥 - 大田后生仔-fbefb28ae94b88416e001c60b2cb4500-121945127-00000000.krc|731|2023-03-04 21:13:34|FILE
D:\Kugou\Lyric\书阳、杨朵 - 我看了56次日落-82e4091ed00d79a7b71eab9612064b9f-122082350-00000000.krc|3511|2023-06-03 09:28:49|FILE
